mode: set
xteve/src/internal/imgcache/cache.go:33.70,45.54 9 0
xteve/src/internal/imgcache/cache.go:45.54,51.17 4 0
xteve/src/internal/imgcache/cache.go:51.17,53.4 1 0
xteve/src/internal/imgcache/cache.go:55.3,56.51 2 0
xteve/src/internal/imgcache/cache.go:56.51,58.4 1 0
xteve/src/internal/imgcache/cache.go:60.3,61.93 2 0
xteve/src/internal/imgcache/cache.go:61.93,63.4 1 0
xteve/src/internal/imgcache/cache.go:65.3,65.45 1 0
xteve/src/internal/imgcache/cache.go:65.45,66.41 1 0
xteve/src/internal/imgcache/cache.go:66.41,68.5 1 0
xteve/src/internal/imgcache/cache.go:69.9,72.4 2 0
xteve/src/internal/imgcache/cache.go:74.3,74.13 1 0
xteve/src/internal/imgcache/cache.go:77.2,77.27 1 0
xteve/src/internal/imgcache/cache.go:77.27,83.31 4 0
xteve/src/internal/imgcache/cache.go:83.31,85.18 2 0
xteve/src/internal/imgcache/cache.go:85.18,86.13 1 0
xteve/src/internal/imgcache/cache.go:88.4,90.40 2 0
xteve/src/internal/imgcache/cache.go:90.40,91.13 1 0
xteve/src/internal/imgcache/cache.go:94.4,97.18 3 0
xteve/src/internal/imgcache/cache.go:97.18,98.13 1 0
xteve/src/internal/imgcache/cache.go:100.4,103.18 3 0
xteve/src/internal/imgcache/cache.go:103.18,104.13 1 0
xteve/src/internal/imgcache/cache.go:107.4,108.18 2 0
xteve/src/internal/imgcache/cache.go:108.18,110.5 1 0
xteve/src/internal/imgcache/cache.go:111.4,111.30 1 0
xteve/src/internal/imgcache/cache.go:114.3,114.27 1 0
xteve/src/internal/imgcache/cache.go:114.27,116.4 1 0
xteve/src/internal/imgcache/cache.go:119.2,119.26 1 0
xteve/src/internal/imgcache/cache.go:119.26,124.17 4 0
xteve/src/internal/imgcache/cache.go:124.17,126.4 1 0
xteve/src/internal/imgcache/cache.go:128.3,128.36 1 0
xteve/src/internal/imgcache/cache.go:128.36,129.21 1 0
xteve/src/internal/imgcache/cache.go:130.14,131.45 1 0
xteve/src/internal/imgcache/cache.go:131.45,133.6 1 0
xteve/src/internal/imgcache/cache.go:134.15,135.40 1 0
xteve/src/internal/imgcache/cache.go:140.2,141.16 2 0
xteve/src/internal/imgcache/cache.go:141.16,143.3 1 0
xteve/src/internal/imgcache/cache.go:145.2,145.35 1 0
xteve/src/internal/imgcache/cache.go:145.35,147.3 1 0
xteve/src/internal/imgcache/cache.go:148.2,148.8 1 0
xteve/src/internal/imgcache/tools.go:9.34,13.2 3 0
xteve/src/internal/imgcache/tools.go:15.52,16.26 1 0
xteve/src/internal/imgcache/tools.go:16.26,17.15 1 0
xteve/src/internal/imgcache/tools.go:17.15,19.4 1 0
xteve/src/internal/imgcache/tools.go:21.2,21.11 1 0
xteve/src/internal/imgcache/tools.go:24.65,27.13 2 0
xteve/src/internal/imgcache/tools.go:27.13,29.3 1 0
xteve/src/internal/imgcache/tools.go:30.2,30.14 1 0
xteve/src/internal/authentication/authentication.go:35.58,42.52 4 0
xteve/src/internal/authentication/authentication.go:42.52,49.36 5 0
xteve/src/internal/authentication/authentication.go:49.36,51.4 1 0
xteve/src/internal/authentication/authentication.go:55.2,60.8 4 0
xteve/src/internal/authentication/authentication.go:64.63,69.16 4 0
xteve/src/internal/authentication/authentication.go:69.16,71.3 1 0
xteve/src/internal/authentication/authentication.go:73.2,74.9 2 0
xteve/src/internal/authentication/authentication.go:74.9,76.3 1 0
xteve/src/internal/authentication/authentication.go:79.2,79.20 1 0
xteve/src/internal/authentication/authentication.go:79.20,82.3 2 0
xteve/src/internal/authentication/authentication.go:84.2,85.16 2 0
xteve/src/internal/authentication/authentication.go:85.16,87.3 1 0
xteve/src/internal/authentication/authentication.go:89.2,90.11 2 0
xteve/src/internal/authentication/authentication.go:90.11,92.3 1 0
xteve/src/internal/authentication/authentication.go:94.2,96.8 3 0
xteve/src/internal/authentication/authentication.go:100.74,105.16 4 0
xteve/src/internal/authentication/authentication.go:105.16,107.3 1 0
xteve/src/internal/authentication/authentication.go:109.2,109.85 1 0
xteve/src/internal/authentication/authentication.go:109.85,111.10 2 0
xteve/src/internal/authentication/authentication.go:111.10,113.4 1 0
xteve/src/internal/authentication/authentication.go:115.3,116.14 2 0
xteve/src/internal/authentication/authentication.go:116.14,118.4 1 0
xteve/src/internal/authentication/authentication.go:120.3,121.15 2 0
xteve/src/internal/authentication/authentication.go:121.15,123.4 1 0
xteve/src/internal/authentication/authentication.go:125.3,126.17 2 0
xteve/src/internal/authentication/authentication.go:126.17,128.4 1 0
xteve/src/internal/authentication/authentication.go:130.3,130.33 1 0
xteve/src/internal/authentication/authentication.go:130.33,133.4 2 0
xteve/src/internal/authentication/authentication.go:136.3,137.23 2 0
xteve/src/internal/authentication/authentication.go:137.23,140.4 2 0
xteve/src/internal/authentication/authentication.go:142.3,142.39 1 0
xteve/src/internal/authentication/authentication.go:142.39,145.4 2 0
xteve/src/internal/authentication/authentication.go:147.3,147.9 1 0
xteve/src/internal/authentication/authentication.go:150.2,151.9 2 0
xteve/src/internal/authentication/authentication.go:151.9,153.3 1 0
xteve/src/internal/authentication/authentication.go:155.2,155.33 1 0
xteve/src/internal/authentication/authentication.go:155.33,157.17 2 0
xteve/src/internal/authentication/authentication.go:157.17,159.4 1 0
xteve/src/internal/authentication/authentication.go:162.2,163.16 2 0
xteve/src/internal/authentication/authentication.go:163.16,165.3 1 0
xteve/src/internal/authentication/authentication.go:167.2,168.9 2 0
xteve/src/internal/authentication/authentication.go:168.9,170.3 1 0
xteve/src/internal/authentication/authentication.go:172.2,175.8 3 0
xteve/src/internal/authentication/authentication.go:179.78,184.16 4 0
xteve/src/internal/authentication/authentication.go:184.16,186.3 1 0
xteve/src/internal/authentication/authentication.go:188.2,188.74 1 0
xteve/src/internal/authentication/authentication.go:188.74,192.10 3 0
xteve/src/internal/authentication/authentication.go:192.10,194.4 1 0
xteve/src/internal/authentication/authentication.go:196.3,197.14 2 0
xteve/src/internal/authentication/authentication.go:197.14,199.4 1 0
xteve/src/internal/authentication/authentication.go:201.3,202.15 2 0
xteve/src/internal/authentication/authentication.go:202.15,204.4 1 0
xteve/src/internal/authentication/authentication.go:206.3,207.14 2 0
xteve/src/internal/authentication/authentication.go:207.14,209.4 1 0
xteve/src/internal/authentication/authentication.go:212.3,213.20 2 0
xteve/src/internal/authentication/authentication.go:213.20,215.4 1 0
xteve/src/internal/authentication/authentication.go:216.3,217.20 2 0
xteve/src/internal/authentication/authentication.go:217.20,219.4 1 0
xteve/src/internal/authentication/authentication.go:221.3,221.33 1 0
xteve/src/internal/authentication/authentication.go:221.33,222.34 1 0
xteve/src/internal/authentication/authentication.go:222.34,225.5 2 0
xteve/src/internal/authentication/authentication.go:229.3,230.20 2 0
xteve/src/internal/authentication/authentication.go:230.20,232.4 1 0
xteve/src/internal/authentication/authentication.go:233.3,234.20 2 0
xteve/src/internal/authentication/authentication.go:234.20,236.4 1 0
xteve/src/internal/authentication/authentication.go:238.3,238.39 1 0
xteve/src/internal/authentication/authentication.go:238.39,239.40 1 0
xteve/src/internal/authentication/authentication.go:239.40,248.5 4 0
xteve/src/internal/authentication/authentication.go:250.3,250.9 1 0
xteve/src/internal/authentication/authentication.go:253.2,254.9 2 0
xteve/src/internal/authentication/authentication.go:254.9,256.3 1 0
xteve/src/internal/authentication/authentication.go:258.2,258.35 1 0
xteve/src/internal/authentication/authentication.go:258.35,260.17 2 0
xteve/src/internal/authentication/authentication.go:260.17,263.4 2 0
xteve/src/internal/authentication/authentication.go:265.2,265.8 1 0
xteve/src/internal/authentication/authentication.go:269.76,274.16 4 0
xteve/src/internal/authentication/authentication.go:274.16,276.3 1 0
xteve/src/internal/authentication/authentication.go:278.2,280.32 2 0
xteve/src/internal/authentication/authentication.go:280.32,282.15 2 0
xteve/src/internal/authentication/authentication.go:282.15,284.4 1 0
xteve/src/internal/authentication/authentication.go:286.3,287.17 2 0
xteve/src/internal/authentication/authentication.go:287.17,289.4 1 0
xteve/src/internal/authentication/authentication.go:291.3,292.12 2 0
xteve/src/internal/authentication/authentication.go:292.12,294.4 1 0
xteve/src/internal/authentication/authentication.go:296.3,296.42 1 0
xteve/src/internal/authentication/authentication.go:296.42,298.4 1 0
xteve/src/internal/authentication/authentication.go:299.3,300.17 2 0
xteve/src/internal/authentication/authentication.go:300.17,302.4 1 0
xteve/src/internal/authentication/authentication.go:303.3,303.12 1 0
xteve/src/internal/authentication/authentication.go:304.8,307.3 1 0
xteve/src/internal/authentication/authentication.go:308.2,308.8 1 0
xteve/src/internal/authentication/authentication.go:312.57,317.16 4 0
xteve/src/internal/authentication/authentication.go:317.16,319.3 1 0
xteve/src/internal/authentication/authentication.go:321.2,323.32 2 0
xteve/src/internal/authentication/authentication.go:323.32,325.15 2 0
xteve/src/internal/authentication/authentication.go:325.15,327.4 1 0
xteve/src/internal/authentication/authentication.go:329.3,330.17 2 0
xteve/src/internal/authentication/authentication.go:330.17,332.4 1 0
xteve/src/internal/authentication/authentication.go:334.3,335.10 2 0
xteve/src/internal/authentication/authentication.go:335.10,337.4 1 0
xteve/src/internal/authentication/authentication.go:339.3,339.42 1 0
xteve/src/internal/authentication/authentication.go:339.42,341.4 1 0
xteve/src/internal/authentication/authentication.go:342.3,342.12 1 0
xteve/src/internal/authentication/authentication.go:344.2,344.8 1 0
xteve/src/internal/authentication/authentication.go:348.72,353.16 4 0
xteve/src/internal/authentication/authentication.go:353.16,355.3 1 0
xteve/src/internal/authentication/authentication.go:357.2,359.74 2 0
xteve/src/internal/authentication/authentication.go:359.74,362.3 2 0
xteve/src/internal/authentication/authentication.go:362.8,364.3 1 0
xteve/src/internal/authentication/authentication.go:365.2,365.8 1 0
xteve/src/internal/authentication/authentication.go:369.71,374.16 4 0
xteve/src/internal/authentication/authentication.go:374.16,376.3 1 0
xteve/src/internal/authentication/authentication.go:378.2,380.74 2 0
xteve/src/internal/authentication/authentication.go:380.74,382.10 2 0
xteve/src/internal/authentication/authentication.go:382.10,384.4 1 0
xteve/src/internal/authentication/authentication.go:385.3,386.9 2 0
xteve/src/internal/authentication/authentication.go:388.2,388.8 1 0
xteve/src/internal/authentication/authentication.go:392.44,397.16 4 0
xteve/src/internal/authentication/authentication.go:397.16,399.3 1 0
xteve/src/internal/authentication/authentication.go:401.2,403.9 3 0
xteve/src/internal/authentication/authentication.go:403.9,405.3 1 0
xteve/src/internal/authentication/authentication.go:407.2,407.32 1 0
xteve/src/internal/authentication/authentication.go:407.32,411.3 3 0
xteve/src/internal/authentication/authentication.go:412.2,412.8 1 0
xteve/src/internal/authentication/authentication.go:416.62,423.16 2 0
xteve/src/internal/authentication/authentication.go:423.16,425.3 1 0
xteve/src/internal/authentication/authentication.go:427.2,427.32 1 0
xteve/src/internal/authentication/authentication.go:427.32,429.14 2 0
xteve/src/internal/authentication/authentication.go:429.14,431.4 1 0
xteve/src/internal/authentication/authentication.go:433.3,434.14 2 0
xteve/src/internal/authentication/authentication.go:434.14,436.4 1 0
xteve/src/internal/authentication/authentication.go:438.3,439.12 2 0
xteve/src/internal/authentication/authentication.go:439.12,441.4 1 0
xteve/src/internal/authentication/authentication.go:443.3,443.30 1 0
xteve/src/internal/authentication/authentication.go:443.30,444.35 1 0
xteve/src/internal/authentication/authentication.go:444.36,446.5 0 0
xteve/src/internal/authentication/authentication.go:446.10,448.5 1 0
xteve/src/internal/authentication/authentication.go:451.3,452.17 2 0
xteve/src/internal/authentication/authentication.go:452.17,454.4 1 0
xteve/src/internal/authentication/authentication.go:456.2,456.8 1 0
xteve/src/internal/authentication/authentication.go:460.71,465.16 4 0
xteve/src/internal/authentication/authentication.go:465.16,467.3 1 0
xteve/src/internal/authentication/authentication.go:471.2,474.9 3 0
xteve/src/internal/authentication/authentication.go:474.9,476.3 1 0
xteve/src/internal/authentication/authentication.go:478.2,478.40 1 0
xteve/src/internal/authentication/authentication.go:478.40,480.14 2 0
xteve/src/internal/authentication/authentication.go:480.14,482.4 1 0
xteve/src/internal/authentication/authentication.go:484.3,486.10 3 0
xteve/src/internal/authentication/authentication.go:486.10,488.4 1 0
xteve/src/internal/authentication/authentication.go:490.3,490.24 1 0
xteve/src/internal/authentication/authentication.go:490.24,492.21 2 0
xteve/src/internal/authentication/authentication.go:492.21,494.5 1 0
xteve/src/internal/authentication/authentication.go:495.4,495.40 1 0
xteve/src/internal/authentication/authentication.go:498.3,498.24 1 0
xteve/src/internal/authentication/authentication.go:498.24,500.21 2 0
xteve/src/internal/authentication/authentication.go:500.21,502.5 1 0
xteve/src/internal/authentication/authentication.go:503.4,503.40 1 0
xteve/src/internal/authentication/authentication.go:505.3,506.17 2 0
xteve/src/internal/authentication/authentication.go:506.17,508.4 1 0
xteve/src/internal/authentication/authentication.go:509.3,509.13 1 0
xteve/src/internal/authentication/authentication.go:511.2,512.8 2 0
xteve/src/internal/authentication/authentication.go:516.63,521.16 4 0
xteve/src/internal/authentication/authentication.go:521.16,523.3 1 0
xteve/src/internal/authentication/authentication.go:525.2,525.20 1 0
xteve/src/internal/authentication/authentication.go:525.20,531.17 6 0
xteve/src/internal/authentication/authentication.go:531.17,533.4 1 0
xteve/src/internal/authentication/authentication.go:534.3,534.18 1 0
xteve/src/internal/authentication/authentication.go:537.2,539.9 3 0
xteve/src/internal/authentication/authentication.go:539.9,541.3 1 0
xteve/src/internal/authentication/authentication.go:543.2,543.8 1 0
xteve/src/internal/authentication/authentication.go:547.157,552.37 2 0
xteve/src/internal/authentication/authentication.go:552.37,553.29 1 0
xteve/src/internal/authentication/authentication.go:553.29,556.23 3 0
xteve/src/internal/authentication/authentication.go:556.23,561.5 2 0
xteve/src/internal/authentication/authentication.go:562.4,565.10 4 0
xteve/src/internal/authentication/authentication.go:570.2,570.8 1 0
xteve/src/internal/authentication/authentication.go:575.30,576.25 1 0
xteve/src/internal/authentication/authentication.go:576.25,578.3 1 0
xteve/src/internal/authentication/authentication.go:579.2,579.8 1 0
xteve/src/internal/authentication/authentication.go:583.43,586.16 2 0
xteve/src/internal/authentication/authentication.go:586.16,588.3 1 0
xteve/src/internal/authentication/authentication.go:590.2,591.16 2 0
xteve/src/internal/authentication/authentication.go:591.16,593.3 1 0
xteve/src/internal/authentication/authentication.go:594.2,594.8 1 0
xteve/src/internal/authentication/authentication.go:598.33,600.16 2 0
xteve/src/internal/authentication/authentication.go:600.16,602.3 1 0
xteve/src/internal/authentication/authentication.go:604.2,605.16 2 0
xteve/src/internal/authentication/authentication.go:605.16,607.3 1 0
xteve/src/internal/authentication/authentication.go:608.2,608.8 1 0
xteve/src/internal/authentication/authentication.go:613.50,617.16 4 0
xteve/src/internal/authentication/authentication.go:617.16,619.3 1 0
xteve/src/internal/authentication/authentication.go:620.2,620.59 1 0
xteve/src/internal/authentication/authentication.go:624.56,628.16 4 0
xteve/src/internal/authentication/authentication.go:628.16,630.3 1 0
xteve/src/internal/authentication/authentication.go:631.2,631.59 1 0
xteve/src/internal/authentication/authentication.go:634.42,639.16 4 0
xteve/src/internal/authentication/authentication.go:639.16,641.3 1 0
xteve/src/internal/authentication/authentication.go:642.2,642.26 1 0
xteve/src/internal/authentication/authentication.go:642.26,644.3 1 0
xteve/src/internal/authentication/authentication.go:645.2,645.27 1 0
xteve/src/internal/authentication/authentication.go:648.38,653.16 4 0
xteve/src/internal/authentication/authentication.go:653.16,655.3 1 0
xteve/src/internal/authentication/authentication.go:656.2,656.26 1 0
xteve/src/internal/authentication/authentication.go:656.26,658.3 1 0
xteve/src/internal/authentication/authentication.go:659.2,659.27 1 0
xteve/src/internal/authentication/authentication.go:662.43,664.17 2 0
xteve/src/internal/authentication/authentication.go:665.11,666.57 1 0
xteve/src/internal/authentication/authentication.go:667.11,668.41 1 0
xteve/src/internal/authentication/authentication.go:669.11,670.45 1 0
xteve/src/internal/authentication/authentication.go:671.11,672.40 1 0
xteve/src/internal/authentication/authentication.go:673.11,674.33 1 0
xteve/src/internal/authentication/authentication.go:675.11,676.33 1 0
xteve/src/internal/authentication/authentication.go:677.11,678.42 1 0
xteve/src/internal/authentication/authentication.go:679.11,680.41 1 0
xteve/src/internal/authentication/authentication.go:681.11,682.35 1 0
xteve/src/internal/authentication/authentication.go:685.2,686.8 2 0
xteve/src/internal/authentication/authentication.go:689.76,692.16 3 0
xteve/src/internal/authentication/authentication.go:692.16,694.3 1 0
xteve/src/internal/authentication/authentication.go:695.2,696.16 2 0
xteve/src/internal/authentication/authentication.go:696.16,698.3 1 0
xteve/src/internal/authentication/authentication.go:699.2,700.16 2 0
xteve/src/internal/authentication/authentication.go:700.16,702.3 1 0
xteve/src/internal/authentication/authentication.go:703.2,704.16 2 0
xteve/src/internal/authentication/authentication.go:704.16,706.3 1 0
xteve/src/internal/authentication/authentication.go:707.2,712.22 6 0
xteve/src/internal/authentication/authentication.go:716.65,718.1 2 0
xteve/src/internal/authentication/authentication.go:719.2,720.16 2 0
xteve/src/internal/authentication/authentication.go:720.16,722.3 1 0
xteve/src/internal/authentication/authentication.go:723.2,723.35 1 0
xteve/src/internal/authentication/authentication.go:723.35,724.17 1 0
xteve/src/internal/authentication/authentication.go:727.2,732.8 5 0
xteve/src/internal/authentication/authentication.go:736.91,748.2 4 0
xteve/src/filecache/filecache.go:50.54,54.21 3 1
xteve/src/filecache/filecache.go:54.21,56.3 1 0
xteve/src/filecache/filecache.go:59.2,60.20 2 1
xteve/src/filecache/filecache.go:60.20,62.3 1 0
xteve/src/filecache/filecache.go:62.8,64.3 1 1
xteve/src/filecache/filecache.go:66.2,66.52 1 1
xteve/src/filecache/filecache.go:66.52,68.3 1 0
xteve/src/filecache/filecache.go:70.2,77.22 4 1
xteve/src/filecache/filecache.go:81.14,85.2 3 1
xteve/src/filecache/filecache.go:87.33,89.16 2 1
xteve/src/filecache/filecache.go:89.16,91.3 1 0
xteve/src/filecache/filecache.go:92.2,92.28 1 1
xteve/src/filecache/filecache.go:92.28,93.53 1 1
xteve/src/filecache/filecache.go:93.53,94.12 1 1
xteve/src/filecache/filecache.go:96.3,98.46 3 1
xteve/src/filecache/filecache.go:98.46,105.4 1 1
xteve/src/filecache/filecache.go:109.33,112.2 2 0
xteve/src/filecache/filecache.go:115.63,121.9 5 0
xteve/src/filecache/filecache.go:121.9,123.3 1 0
xteve/src/filecache/filecache.go:125.2,128.16 3 0
xteve/src/filecache/filecache.go:128.16,130.3 1 0
xteve/src/filecache/filecache.go:131.2,132.52 2 0
xteve/src/filecache/filecache.go:132.52,134.3 1 0
xteve/src/filecache/filecache.go:136.2,136.31 1 0
xteve/src/filecache/filecache.go:140.85,145.32 3 0
xteve/src/filecache/filecache.go:145.32,148.3 2 0
xteve/src/filecache/filecache.go:149.2,156.45 2 0
xteve/src/filecache/filecache.go:159.90,165.16 2 0
xteve/src/filecache/filecache.go:165.16,167.3 1 0
xteve/src/filecache/filecache.go:168.2,171.16 3 0
xteve/src/filecache/filecache.go:171.16,174.3 2 0
xteve/src/filecache/filecache.go:175.2,175.21 1 0
xteve/src/filecache/filecache.go:175.21,177.3 1 0
xteve/src/filecache/filecache.go:179.2,180.16 2 0
xteve/src/filecache/filecache.go:180.16,183.3 2 0
xteve/src/filecache/filecache.go:184.2,186.38 2 0
xteve/src/filecache/filecache.go:186.38,189.3 2 0
xteve/src/filecache/filecache.go:192.2,194.16 3 0
xteve/src/filecache/filecache.go:194.17,196.3 0 0
xteve/src/filecache/filecache.go:196.8,196.26 1 0
xteve/src/filecache/filecache.go:196.26,198.3 1 0
xteve/src/filecache/filecache.go:198.8,201.3 2 0
xteve/src/filecache/filecache.go:203.2,215.64 3 0
xteve/src/filecache/filecache.go:215.64,216.52 1 0
xteve/src/filecache/filecache.go:216.52,218.4 1 0
xteve/src/filecache/filecache.go:222.2,224.16 3 0
xteve/src/filecache/filecache.go:224.16,226.3 1 0
xteve/src/filecache/filecache.go:227.2,227.63 1 0
xteve/src/filecache/filecache.go:227.63,229.3 1 0
xteve/src/filecache/filecache.go:232.2,234.61 2 0
xteve/src/filecache/filecache.go:234.61,237.3 1 0
xteve/src/filecache/filecache.go:240.2,247.18 3 0
xteve/src/filecache/filecache.go:250.31,252.21 2 1
xteve/src/filecache/filecache.go:252.21,254.3 1 0
xteve/src/filecache/filecache.go:258.32,262.35 3 1
xteve/src/filecache/filecache.go:262.35,264.3 1 0
xteve/src/filecache/filecache.go:266.2,271.28 3 1
xteve/src/filecache/filecache.go:271.28,273.3 1 1
xteve/src/filecache/filecache.go:275.2,275.48 1 1
xteve/src/filecache/filecache.go:275.48,277.3 1 1
xteve/src/filecache/filecache.go:279.2,280.32 2 1
xteve/src/filecache/filecache.go:280.32,286.3 5 1
xteve/src/filecache/filecache.go:290.33,296.2 5 0
xteve/src/mpegts/parser.go:21.26,25.2 1 1
xteve/src/mpegts/parser.go:28.50,30.2 1 1
xteve/src/mpegts/parser.go:34.41,37.15 2 1
xteve/src/mpegts/parser.go:37.15,42.3 2 1
xteve/src/mpegts/parser.go:45.2,45.13 1 1
xteve/src/mpegts/parser.go:45.13,47.3 1 1
xteve/src/mpegts/parser.go:50.2,50.30 1 1
xteve/src/mpegts/parser.go:50.30,52.3 1 0
xteve/src/mpegts/parser.go:54.2,55.46 2 1
xteve/src/mpegts/parser.go:55.46,57.3 1 0
xteve/src/mpegts/parser.go:59.2,59.20 1 1
xteve/src/snap/snap.go:13.37,15.34 1 0
xteve/src/snap/snap.go:15.34,17.3 1 0
xteve/src/snap/snap.go:19.2,20.22 2 0
xteve/src/snap/snap.go:20.22,22.3 1 0
xteve/src/snap/snap.go:24.2,26.16 3 0
xteve/src/snap/snap.go:26.16,27.25 1 0
xteve/src/snap/snap.go:27.25,29.4 1 0
xteve/src/snap/snap.go:30.3,30.13 1 0
xteve/src/snap/snap.go:32.2,35.21 3 0
xteve/src/snap/snap.go:35.21,37.61 2 0
xteve/src/snap/snap.go:37.61,41.4 3 0
xteve/src/snap/snap.go:44.2,44.22 1 0
xteve/src/snap/snap.go:48.38,50.34 1 0
xteve/src/snap/snap.go:50.34,52.3 1 0
xteve/src/snap/snap.go:54.2,54.31 1 0
xteve/src/internal/m3u-parser/xteve_m3u_parser.go:17.77,24.75 3 1
xteve/src/internal/m3u-parser/xteve_m3u_parser.go:24.75,35.33 5 1
xteve/src/internal/m3u-parser/xteve_m3u_parser.go:35.33,37.39 2 1
xteve/src/internal/m3u-parser/xteve_m3u_parser.go:37.39,42.22 2 1
xteve/src/internal/m3u-parser/xteve_m3u_parser.go:42.22,45.6 1 1
xteve/src/internal/m3u-parser/xteve_m3u_parser.go:45.11,51.29 3 1
xteve/src/internal/m3u-parser/xteve_m3u_parser.go:51.29,52.19 1 1
xteve/src/internal/m3u-parser/xteve_m3u_parser.go:52.19,54.8 1 1
xteve/src/internal/m3u-parser/xteve_m3u_parser.go:54.13,54.38 1 1
xteve/src/internal/m3u-parser/xteve_m3u_parser.go:54.38,56.13 2 1
xteve/src/internal/m3u-parser/xteve_m3u_parser.go:60.6,60.24 1 1
xteve/src/internal/m3u-parser/xteve_m3u_parser.go:60.24,66.33 4 1
xteve/src/internal/m3u-parser/xteve_m3u_parser.go:66.33,70.40 2 1
xteve/src/internal/m3u-parser/xteve_m3u_parser.go:70.40,72.9 1 1
xteve/src/internal/m3u-parser/xteve_m3u_parser.go:72.14,74.9 1 1
xteve/src/internal/m3u-parser/xteve_m3u_parser.go:77.8,77.57 1 1
xteve/src/internal/m3u-parser/xteve_m3u_parser.go:77.57,79.9 1 1
xteve/src/internal/m3u-parser/xteve_m3u_parser.go:81.12,85.33 2 1
xteve/src/internal/m3u-parser/xteve_m3u_parser.go:85.33,87.40 2 0
xteve/src/internal/m3u-parser/xteve_m3u_parser.go:87.40,89.9 1 0
xteve/src/internal/m3u-parser/xteve_m3u_parser.go:89.14,91.9 1 0
xteve/src/internal/m3u-parser/xteve_m3u_parser.go:92.8,92.57 1 0
xteve/src/internal/m3u-parser/xteve_m3u_parser.go:92.57,94.9 1 0
xteve/src/internal/m3u-parser/xteve_m3u_parser.go:98.6,98.31 1 1
xteve/src/internal/m3u-parser/xteve_m3u_parser.go:98.31,99.42 1 0
xteve/src/internal/m3u-parser/xteve_m3u_parser.go:99.42,101.8 1 0
xteve/src/internal/m3u-parser/xteve_m3u_parser.go:103.6,105.26 2 1
xteve/src/internal/m3u-parser/xteve_m3u_parser.go:110.3,110.27 1 1
xteve/src/internal/m3u-parser/xteve_m3u_parser.go:110.27,113.4 2 1
xteve/src/internal/m3u-parser/xteve_m3u_parser.go:113.9,116.4 1 0
xteve/src/internal/m3u-parser/xteve_m3u_parser.go:118.3,118.91 1 1
xteve/src/internal/m3u-parser/xteve_m3u_parser.go:118.91,120.4 1 1
xteve/src/internal/m3u-parser/xteve_m3u_parser.go:123.3,123.34 1 1
xteve/src/internal/m3u-parser/xteve_m3u_parser.go:123.34,125.45 2 1
xteve/src/internal/m3u-parser/xteve_m3u_parser.go:125.45,126.41 1 1
xteve/src/internal/m3u-parser/xteve_m3u_parser.go:126.41,127.52 1 1
xteve/src/internal/m3u-parser/xteve_m3u_parser.go:127.52,129.7 1 0
xteve/src/internal/m3u-parser/xteve_m3u_parser.go:129.12,133.7 3 1
xteve/src/internal/m3u-parser/xteve_m3u_parser.go:134.6,134.11 1 1
xteve/src/internal/m3u-parser/xteve_m3u_parser.go:138.3,138.16 1 1
xteve/src/internal/m3u-parser/xteve_m3u_parser.go:141.2,141.110 1 1
xteve/src/internal/m3u-parser/xteve_m3u_parser.go:141.110,144.3 2 0
xteve/src/internal/m3u-parser/xteve_m3u_parser.go:146.2,146.42 1 1
xteve/src/internal/m3u-parser/xteve_m3u_parser.go:146.42,152.36 4 1
xteve/src/internal/m3u-parser/xteve_m3u_parser.go:152.36,155.21 2 1
xteve/src/internal/m3u-parser/xteve_m3u_parser.go:155.21,156.13 1 0
xteve/src/internal/m3u-parser/xteve_m3u_parser.go:159.4,159.66 1 1
xteve/src/internal/m3u-parser/xteve_m3u_parser.go:159.66,161.5 1 1
xteve/src/internal/m3u-parser/xteve_m3u_parser.go:163.4,163.55 1 1
xteve/src/internal/m3u-parser/xteve_m3u_parser.go:163.55,165.5 1 1
xteve/src/internal/m3u-parser/xteve_m3u_parser.go:167.4,167.45 1 1
xteve/src/internal/m3u-parser/xteve_m3u_parser.go:169.8,171.3 1 0
xteve/src/internal/m3u-parser/xteve_m3u_parser.go:172.2,172.8 1 1
xteve/src/tracing/tracing.go:35.104,43.46 4 0
xteve/src/tracing/tracing.go:43.46,45.36 2 0
xteve/src/tracing/tracing.go:45.36,47.4 1 0
xteve/src/tracing/tracing.go:48.3,49.13 2 0
xteve/src/tracing/tracing.go:53.2,53.33 1 0
xteve/src/tracing/tracing.go:53.33,55.3 1 0
xteve/src/tracing/tracing.go:58.2,63.16 4 0
xteve/src/tracing/tracing.go:63.16,66.3 2 0
xteve/src/tracing/tracing.go:67.2,72.16 4 0
xteve/src/tracing/tracing.go:72.16,75.3 2 0
xteve/src/tracing/tracing.go:76.2,81.16 4 0
xteve/src/tracing/tracing.go:81.16,84.3 2 0
xteve/src/tracing/tracing.go:85.2,88.22 3 0
xteve/src/tracing/tracing.go:91.52,96.2 1 0
xteve/src/tracing/tracing.go:98.103,100.16 2 0
xteve/src/tracing/tracing.go:100.16,102.3 1 0
xteve/src/tracing/tracing.go:104.2,109.16 2 0
xteve/src/tracing/tracing.go:109.16,111.3 1 0
xteve/src/tracing/tracing.go:113.2,117.26 2 0
xteve/src/tracing/tracing.go:117.26,121.3 1 0
xteve/src/tracing/tracing.go:123.2,124.28 2 0
xteve/src/tracing/tracing.go:127.98,128.22 1 1
xteve/src/tracing/tracing.go:129.24,130.32 1 1
xteve/src/tracing/tracing.go:131.28,132.32 1 0
xteve/src/tracing/tracing.go:133.26,135.34 1 1
xteve/src/tracing/tracing.go:136.10,137.18 1 0
xteve/src/tracing/tracing.go:141.56,143.16 2 0
xteve/src/tracing/tracing.go:143.16,145.3 1 0
xteve/src/tracing/tracing.go:147.2,152.27 2 0
xteve/src/tracing/tracing.go:155.55,157.16 2 0
xteve/src/tracing/tracing.go:157.16,159.3 1 0
xteve/src/tracing/tracing.go:161.2,164.28 2 0
xteve/src/authentication.go:12.50,14.16 2 0
xteve/src/authentication.go:14.16,16.3 1 0
xteve/src/authentication.go:18.2,25.8 7 0
xteve/src/authentication.go:28.92,30.16 2 0
xteve/src/authentication.go:30.16,32.3 1 0
xteve/src/authentication.go:34.2,35.16 2 0
xteve/src/authentication.go:35.16,37.3 1 0
xteve/src/authentication.go:39.2,40.16 2 0
xteve/src/authentication.go:40.16,42.3 1 0
xteve/src/authentication.go:44.2,54.16 10 0
xteve/src/authentication.go:54.16,56.3 1 0
xteve/src/authentication.go:58.2,59.16 2 0
xteve/src/authentication.go:59.16,61.3 1 0
xteve/src/authentication.go:63.2,63.8 1 0
xteve/src/authentication.go:66.69,67.32 1 0
xteve/src/authentication.go:67.32,69.3 1 0
xteve/src/authentication.go:71.2,73.8 2 0
xteve/src/authentication.go:76.76,81.42 3 0
xteve/src/authentication.go:81.42,83.3 1 0
xteve/src/authentication.go:85.2,86.22 2 0
xteve/src/authentication.go:86.22,90.3 1 0
xteve/src/authentication.go:91.2,93.20 2 0
xteve/src/authentication.go:93.20,96.3 1 0
xteve/src/authentication.go:98.2,103.16 4 0
xteve/src/authentication.go:103.16,105.3 1 0
xteve/src/authentication.go:107.2,109.8 2 0
xteve/src/authentication.go:112.63,118.21 4 0
xteve/src/authentication.go:119.13,121.33 2 0
xteve/src/authentication.go:121.33,123.18 2 0
xteve/src/authentication.go:123.18,125.5 1 0
xteve/src/authentication.go:126.4,126.47 1 0
xteve/src/authentication.go:129.13,131.33 2 0
xteve/src/authentication.go:131.33,133.18 2 0
xteve/src/authentication.go:133.18,135.5 1 0
xteve/src/authentication.go:136.4,136.47 1 0
xteve/src/authentication.go:140.2,140.8 1 0
xteve/src/authentication.go:143.63,145.16 2 1
xteve/src/authentication.go:145.16,147.3 1 1
xteve/src/authentication.go:149.2,150.16 2 0
xteve/src/authentication.go:150.16,152.3 1 0
xteve/src/authentication.go:154.2,154.23 1 0
xteve/src/authentication.go:154.23,155.42 1 0
xteve/src/authentication.go:155.42,156.10 1 0
xteve/src/authentication.go:156.10,158.5 1 0
xteve/src/authentication.go:159.9,163.83 2 0
xteve/src/authentication.go:163.83,166.5 1 0
xteve/src/authentication.go:167.4,167.40 1 0
xteve/src/authentication.go:169.8,172.82 1 0
xteve/src/authentication.go:172.82,174.4 1 0
xteve/src/authentication.go:175.3,175.39 1 0
xteve/src/authentication.go:178.2,178.8 1 0
xteve/src/backup.go:13.36,20.34 6 0
xteve/src/backup.go:20.34,22.3 1 0
xteve/src/backup.go:24.2,27.16 3 0
xteve/src/backup.go:27.16,30.3 2 0
xteve/src/backup.go:33.2,35.16 2 0
xteve/src/backup.go:35.16,36.30 1 0
xteve/src/backup.go:36.30,37.97 1 0
xteve/src/backup.go:37.97,39.5 1 0
xteve/src/backup.go:43.3,44.30 2 0
xteve/src/backup.go:45.10,46.11 1 0
xteve/src/backup.go:47.11,48.33 1 0
xteve/src/backup.go:51.3,51.48 1 0
xteve/src/backup.go:51.48,53.71 2 0
xteve/src/backup.go:53.71,55.5 1 0
xteve/src/backup.go:56.4,57.23 2 0
xteve/src/backup.go:60.3,60.31 1 0
xteve/src/backup.go:60.31,62.4 1 0
xteve/src/backup.go:63.8,65.3 1 0
xteve/src/backup.go:68.2,70.32 2 0
xteve/src/backup.go:70.32,72.3 1 0
xteve/src/backup.go:74.2,75.22 2 0
xteve/src/backup.go:75.22,77.3 1 0
xteve/src/backup.go:79.2,81.16 2 0
xteve/src/backup.go:81.16,86.3 3 0
xteve/src/backup.go:88.2,88.8 1 0
xteve/src/backup.go:91.48,93.16 2 0
xteve/src/backup.go:93.16,95.3 1 0
xteve/src/backup.go:97.2,102.32 4 0
xteve/src/backup.go:102.32,104.3 1 0
xteve/src/backup.go:106.2,107.22 2 0
xteve/src/backup.go:107.22,109.3 1 0
xteve/src/backup.go:111.2,112.16 2 0
xteve/src/backup.go:112.16,115.3 2 0
xteve/src/backup.go:117.2,117.8 1 0
xteve/src/backup.go:120.65,129.16 6 0
xteve/src/backup.go:129.16,131.3 1 0
xteve/src/backup.go:134.2,135.16 2 0
xteve/src/backup.go:135.16,137.3 1 0
xteve/src/backup.go:140.2,141.16 2 0
xteve/src/backup.go:141.16,144.3 2 0
xteve/src/backup.go:146.2,146.49 1 0
xteve/src/backup.go:146.49,148.3 1 0
xteve/src/backup.go:148.8,151.3 2 0
xteve/src/backup.go:153.2,153.42 1 0
xteve/src/backup.go:153.42,156.3 2 0
xteve/src/backup.go:158.2,158.79 1 0
xteve/src/backup.go:158.79,161.3 2 0
xteve/src/backup.go:164.2,165.16 2 0
xteve/src/backup.go:165.16,167.3 1 0
xteve/src/backup.go:170.2,171.16 2 0
xteve/src/backup.go:171.16,174.3 2 0
xteve/src/backup.go:176.2,176.46 1 0
xteve/src/backup.go:176.46,178.3 1 0
xteve/src/backup.go:178.8,181.3 2 0
xteve/src/backup.go:182.2,184.24 2 0
xteve/src/backup.go:184.24,185.17 1 0
xteve/src/backup.go:185.17,189.18 2 0
xteve/src/backup.go:189.18,191.5 1 0
xteve/src/backup.go:196.3,196.42 1 0
xteve/src/backup.go:196.42,199.4 2 0
xteve/src/backup.go:201.3,202.17 2 0
xteve/src/backup.go:202.17,205.4 2 0
xteve/src/backup.go:207.3,208.17 2 0
xteve/src/backup.go:208.17,211.4 2 0
xteve/src/backup.go:213.3,213.17 1 0
xteve/src/backup.go:216.2,219.8 3 0
xteve/src/backup.go:222.70,229.16 3 0
xteve/src/backup.go:229.16,231.3 1 0
xteve/src/backup.go:233.2,236.16 3 0
xteve/src/backup.go:236.16,238.3 1 0
xteve/src/backup.go:240.2,242.8 2 0
xteve/src/backup.go:246.54,257.56 8 0
xteve/src/backup.go:257.56,260.3 2 0
xteve/src/backup.go:262.2,262.34 1 0
xteve/src/backup.go:263.13,264.8 1 0
xteve/src/backup.go:266.12,267.9 1 0
xteve/src/backup.go:268.10,270.9 2 0
xteve/src/backup.go:273.2,273.35 1 0
xteve/src/backup.go:273.35,275.17 2 0
xteve/src/backup.go:275.17,277.4 1 0
xteve/src/backup.go:279.3,280.17 2 0
xteve/src/backup.go:280.17,282.4 1 0
xteve/src/backup.go:284.3,284.117 1 0
xteve/src/backup.go:286.2,286.8 1 0
xteve/src/buffer.go:27.63,31.36 3 1
xteve/src/buffer.go:31.36,32.30 1 1
xteve/src/buffer.go:32.30,34.9 2 1
xteve/src/buffer.go:38.2,41.8 3 1
xteve/src/buffer.go:44.124,54.54 8 1
xteve/src/buffer.go:54.54,64.17 8 1
xteve/src/buffer.go:64.17,66.4 1 0
xteve/src/buffer.go:68.3,68.35 1 1
xteve/src/buffer.go:69.12,70.24 1 1
xteve/src/buffer.go:71.12,72.25 1 0
xteve/src/buffer.go:75.3,87.17 9 1
xteve/src/buffer.go:87.17,89.4 1 0
xteve/src/buffer.go:90.3,97.48 6 1
xteve/src/buffer.go:98.8,100.34 1 1
xteve/src/buffer.go:100.34,102.4 1 1
xteve/src/buffer.go:102.9,104.4 1 0
xteve/src/buffer.go:106.3,106.36 1 1
xteve/src/buffer.go:106.36,110.34 3 1
xteve/src/buffer.go:110.34,117.65 5 1
xteve/src/buffer.go:117.65,118.50 1 1
xteve/src/buffer.go:118.50,121.7 2 1
xteve/src/buffer.go:123.5,123.10 1 1
xteve/src/buffer.go:128.3,128.16 1 1
xteve/src/buffer.go:128.16,129.47 1 0
xteve/src/buffer.go:129.47,132.5 2 0
xteve/src/buffer.go:135.4,146.18 10 0
xteve/src/buffer.go:146.18,148.5 1 0
xteve/src/buffer.go:149.4,154.39 5 0
xteve/src/buffer.go:158.2,158.59 1 1
xteve/src/buffer.go:161.108,178.16 13 1
xteve/src/buffer.go:178.16,179.34 1 0
xteve/src/buffer.go:179.34,181.18 2 0
xteve/src/buffer.go:181.18,186.29 4 0
xteve/src/buffer.go:186.29,188.58 2 0
xteve/src/buffer.go:188.58,191.7 1 0
xteve/src/buffer.go:192.6,192.55 1 0
xteve/src/buffer.go:195.9,198.4 2 0
xteve/src/buffer.go:199.3,199.9 1 0
xteve/src/buffer.go:203.2,203.53 1 1
xteve/src/buffer.go:203.53,210.26 4 1
xteve/src/buffer.go:211.16,215.58 3 1
xteve/src/buffer.go:216.11,217.9 1 0
xteve/src/buffer.go:220.3,220.136 1 1
xteve/src/buffer.go:224.2,226.6 2 1
xteve/src/buffer.go:226.6,227.54 1 1
xteve/src/buffer.go:227.54,229.41 2 1
xteve/src/buffer.go:229.41,232.5 1 0
xteve/src/buffer.go:234.4,234.52 1 1
xteve/src/buffer.go:234.52,235.23 1 1
xteve/src/buffer.go:235.23,240.66 3 1
xteve/src/buffer.go:240.66,241.51 1 1
xteve/src/buffer.go:241.51,242.49 1 1
xteve/src/buffer.go:242.49,245.9 2 0
xteve/src/buffer.go:248.6,248.14 1 1
xteve/src/buffer.go:251.5,254.9 3 1
xteve/src/buffer.go:254.9,257.13 2 1
xteve/src/buffer.go:258.24,260.13 2 0
xteve/src/buffer.go:261.14,261.14 0 1
xteve/src/buffer.go:267.6,268.23 2 1
xteve/src/buffer.go:268.23,270.7 1 0
xteve/src/buffer.go:272.6,272.66 1 1
xteve/src/buffer.go:272.66,273.51 1 1
xteve/src/buffer.go:273.51,274.32 1 1
xteve/src/buffer.go:274.32,278.9 3 0
xteve/src/buffer.go:280.12,282.7 1 0
xteve/src/buffer.go:284.6,284.71 1 1
xteve/src/buffer.go:284.71,287.7 2 0
xteve/src/buffer.go:290.6,295.48 3 1
xteve/src/buffer.go:295.48,296.73 1 1
xteve/src/buffer.go:296.73,298.8 1 1
xteve/src/buffer.go:302.6,302.38 1 1
xteve/src/buffer.go:302.38,305.21 3 1
xteve/src/buffer.go:305.21,309.8 3 0
xteve/src/buffer.go:311.7,312.21 2 1
xteve/src/buffer.go:312.21,317.22 5 1
xteve/src/buffer.go:317.22,318.23 1 1
xteve/src/buffer.go:318.23,324.10 5 1
xteve/src/buffer.go:325.9,325.45 1 1
xteve/src/buffer.go:325.45,327.10 1 1
xteve/src/buffer.go:328.9,328.60 1 1
xteve/src/buffer.go:328.60,332.10 3 1
xteve/src/buffer.go:335.7,345.65 5 1
xteve/src/buffer.go:349.6,349.38 1 1
xteve/src/buffer.go:349.38,351.80 2 0
xteve/src/buffer.go:351.80,353.8 1 0
xteve/src/buffer.go:354.7,354.67 1 0
xteve/src/buffer.go:358.6,358.31 1 1
xteve/src/buffer.go:358.31,359.27 1 1
xteve/src/buffer.go:359.27,362.8 2 1
xteve/src/buffer.go:363.7,363.56 1 0
xteve/src/buffer.go:366.10,371.5 3 0
xteve/src/buffer.go:376.72,380.53 3 1
xteve/src/buffer.go:380.53,382.34 2 1
xteve/src/buffer.go:382.34,384.4 1 1
xteve/src/buffer.go:384.9,386.4 1 0
xteve/src/buffer.go:388.3,388.12 1 1
xteve/src/buffer.go:388.12,392.4 3 0
xteve/src/buffer.go:394.3,394.51 1 1
xteve/src/buffer.go:394.51,395.64 1 1
xteve/src/buffer.go:395.64,396.49 1 1
xteve/src/buffer.go:396.49,402.33 4 1
xteve/src/buffer.go:402.33,406.7 3 1
xteve/src/buffer.go:410.4,410.34 1 1
xteve/src/buffer.go:410.34,413.5 2 1
xteve/src/buffer.go:413.10,415.5 1 1
xteve/src/buffer.go:420.56,425.70 4 1
xteve/src/buffer.go:425.70,434.60 6 1
xteve/src/buffer.go:434.60,436.4 1 0
xteve/src/buffer.go:438.3,438.61 1 1
xteve/src/buffer.go:438.61,440.4 1 0
xteve/src/buffer.go:441.3,441.17 1 1
xteve/src/buffer.go:443.2,443.8 1 1
xteve/src/buffer.go:446.85,447.53 1 1
xteve/src/buffer.go:447.53,449.34 2 1
xteve/src/buffer.go:449.34,451.4 1 1
xteve/src/buffer.go:451.9,453.4 1 0
xteve/src/buffer.go:455.3,467.31 11 1
xteve/src/buffer.go:467.31,470.52 2 1
xteve/src/buffer.go:470.52,472.5 1 0
xteve/src/buffer.go:472.10,474.5 1 1
xteve/src/buffer.go:476.4,488.13 9 1
xteve/src/buffer.go:491.3,491.42 1 1
xteve/src/buffer.go:491.42,492.52 1 0
xteve/src/buffer.go:492.52,493.65 1 0
xteve/src/buffer.go:493.65,494.50 1 0
xteve/src/buffer.go:494.50,496.7 1 0
xteve/src/buffer.go:501.3,501.73 1 1
xteve/src/buffer.go:501.73,503.4 1 0
xteve/src/buffer.go:505.3,506.17 2 1
xteve/src/buffer.go:506.17,510.4 3 0
xteve/src/buffer.go:514.3,516.29 2 1
xteve/src/buffer.go:516.29,518.4 1 0
xteve/src/buffer.go:519.3,519.20 1 1
xteve/src/buffer.go:519.20,521.4 1 0
xteve/src/buffer.go:523.3,525.21 2 1
xteve/src/buffer.go:525.21,526.45 1 1
xteve/src/buffer.go:526.45,528.5 1 0
xteve/src/buffer.go:528.10,530.5 1 1
xteve/src/buffer.go:531.4,531.43 1 1
xteve/src/buffer.go:534.3,540.7 5 1
xteve/src/buffer.go:540.7,541.33 1 1
xteve/src/buffer.go:541.33,543.5 1 1
xteve/src/buffer.go:545.4,545.56 1 1
xteve/src/buffer.go:545.56,546.20 1 0
xteve/src/buffer.go:549.4,552.28 3 1
xteve/src/buffer.go:552.28,553.20 1 0
xteve/src/buffer.go:556.4,561.3 4 1
xteve/src/buffer.go:562.4,572.18 8 1
xteve/src/buffer.go:572.18,575.20 3 0
xteve/src/buffer.go:575.20,577.6 1 0
xteve/src/buffer.go:578.5,578.11 1 0
xteve/src/buffer.go:582.4,585.22 2 1
xteve/src/buffer.go:585.22,586.44 1 1
xteve/src/buffer.go:586.44,597.6 8 1
xteve/src/buffer.go:599.5,606.44 6 1
xteve/src/buffer.go:607.10,610.5 2 0
xteve/src/buffer.go:613.4,613.28 1 1
xteve/src/buffer.go:613.28,616.5 2 1
xteve/src/buffer.go:618.4,618.23 1 1
xteve/src/buffer.go:620.102,623.19 3 0
xteve/src/buffer.go:623.19,626.6 1 0
xteve/src/buffer.go:628.154,631.19 3 1
xteve/src/buffer.go:631.19,632.35 1 0
xteve/src/buffer.go:632.35,633.20 1 0
xteve/src/buffer.go:635.6,636.12 2 0
xteve/src/buffer.go:640.5,640.56 1 1
xteve/src/buffer.go:640.56,641.48 1 1
xteve/src/buffer.go:641.48,643.75 1 1
xteve/src/buffer.go:643.75,646.8 2 1
xteve/src/buffer.go:651.12,658.11 6 0
xteve/src/buffer.go:661.4,663.44 2 1
xteve/src/buffer.go:663.44,665.5 1 1
xteve/src/buffer.go:668.4,668.18 1 1
xteve/src/buffer.go:668.18,671.29 2 0
xteve/src/buffer.go:671.29,680.19 6 0
xteve/src/buffer.go:680.19,681.49 1 0
xteve/src/buffer.go:681.49,685.73 3 0
xteve/src/buffer.go:685.73,686.14 1 0
xteve/src/buffer.go:692.4,693.21 2 1
xteve/src/buffer.go:698.191,700.16 2 1
xteve/src/buffer.go:700.16,704.3 3 0
xteve/src/buffer.go:706.2,711.16 5 1
xteve/src/buffer.go:711.16,715.3 3 0
xteve/src/buffer.go:717.2,717.16 1 1
xteve/src/buffer.go:717.16,720.42 2 1
xteve/src/buffer.go:720.42,728.18 7 1
xteve/src/buffer.go:728.18,732.5 3 0
xteve/src/buffer.go:734.4,736.18 3 1
xteve/src/buffer.go:736.18,739.13 3 0
xteve/src/buffer.go:742.4,744.18 3 1
xteve/src/buffer.go:744.18,748.5 3 0
xteve/src/buffer.go:750.4,750.52 1 1
xteve/src/buffer.go:750.52,755.5 4 0
xteve/src/buffer.go:756.4,757.17 2 1
xteve/src/buffer.go:761.2,761.20 1 1
xteve/src/buffer.go:764.237,778.31 10 1
xteve/src/buffer.go:778.31,781.3 2 1
xteve/src/buffer.go:783.2,784.16 2 1
xteve/src/buffer.go:784.16,789.3 4 0
xteve/src/buffer.go:791.2,794.6 3 1
xteve/src/buffer.go:794.6,795.20 1 1
xteve/src/buffer.go:795.20,798.4 2 1
xteve/src/buffer.go:800.3,801.12 2 1
xteve/src/buffer.go:801.12,802.54 1 1
xteve/src/buffer.go:802.54,807.5 4 0
xteve/src/buffer.go:808.4,808.8 1 1
xteve/src/buffer.go:808.8,810.22 2 1
xteve/src/buffer.go:810.22,811.11 1 1
xteve/src/buffer.go:813.5,813.19 1 1
xteve/src/buffer.go:813.19,818.6 4 0
xteve/src/buffer.go:820.5,820.55 1 1
xteve/src/buffer.go:820.55,825.6 4 0
xteve/src/buffer.go:826.5,828.32 2 1
xteve/src/buffer.go:828.32,835.35 5 1
xteve/src/buffer.go:835.35,836.63 1 0
xteve/src/buffer.go:836.63,838.8 1 0
xteve/src/buffer.go:839.7,839.25 1 0
xteve/src/buffer.go:842.6,843.20 2 1
xteve/src/buffer.go:843.20,846.7 2 0
xteve/src/buffer.go:848.6,848.18 1 1
xteve/src/buffer.go:853.3,853.17 1 1
xteve/src/buffer.go:853.17,854.21 1 1
xteve/src/buffer.go:854.21,855.75 1 0
xteve/src/buffer.go:855.75,861.6 5 0
xteve/src/buffer.go:862.5,863.26 2 0
xteve/src/buffer.go:864.10,866.21 1 1
xteve/src/buffer.go:866.21,872.57 4 1
xteve/src/buffer.go:872.57,873.44 1 1
xteve/src/buffer.go:873.44,876.8 2 1
xteve/src/buffer.go:880.4,883.9 4 1
xteve/src/buffer.go:885.3,887.32 2 1
xteve/src/buffer.go:887.32,890.4 2 0
xteve/src/buffer.go:892.2,892.20 1 1
xteve/src/buffer.go:895.54,900.40 4 0
xteve/src/buffer.go:900.40,902.3 1 0
xteve/src/buffer.go:904.2,906.24 2 0
xteve/src/buffer.go:906.24,907.28 1 0
xteve/src/buffer.go:907.28,912.36 3 0
xteve/src/buffer.go:912.36,914.10 2 0
xteve/src/buffer.go:915.10,916.47 1 0
xteve/src/buffer.go:916.47,917.11 1 0
xteve/src/buffer.go:919.5,919.55 1 0
xteve/src/buffer.go:922.8,925.3 2 0
xteve/src/buffer.go:927.2,931.8 4 0
xteve/src/buffer.go:935.88,940.9 4 1
xteve/src/buffer.go:940.9,942.3 1 0
xteve/src/buffer.go:944.2,945.9 2 1
xteve/src/buffer.go:945.9,948.3 1 0
xteve/src/buffer.go:950.2,951.9 2 1
xteve/src/buffer.go:951.9,953.3 1 0
xteve/src/buffer.go:955.2,959.51 4 1
xteve/src/buffer.go:963.97,968.9 4 1
xteve/src/buffer.go:968.9,970.3 1 0
xteve/src/buffer.go:972.2,973.9 2 1
xteve/src/buffer.go:973.9,975.3 1 0
xteve/src/buffer.go:977.2,977.39 1 1
xteve/src/buffer.go:977.39,978.104 1 1
xteve/src/buffer.go:978.104,982.4 3 1
xteve/src/buffer.go:987.82,992.9 4 1
xteve/src/buffer.go:992.9,994.3 1 0
xteve/src/buffer.go:996.2,997.9 2 1
xteve/src/buffer.go:997.9,999.3 1 0
xteve/src/buffer.go:1001.2,1001.39 1 1
xteve/src/buffer.go:1001.39,1003.62 2 1
xteve/src/buffer.go:1003.62,1004.48 1 1
xteve/src/buffer.go:1004.48,1006.5 1 1
xteve/src/buffer.go:1009.3,1010.47 2 1
xteve/src/buffer.go:1010.47,1011.39 1 1
xteve/src/buffer.go:1011.39,1013.5 1 0
xteve/src/buffer.go:1013.10,1014.10 1 1
xteve/src/buffer.go:1018.3,1018.22 1 1
xteve/src/buffer.go:1018.22,1022.4 3 0
xteve/src/buffer.go:1026.156,1044.53 13 1
xteve/src/buffer.go:1044.53,1045.40 1 1
xteve/src/buffer.go:1045.40,1048.4 2 1
xteve/src/buffer.go:1052.52,1053.25 1 1
xteve/src/buffer.go:1054.11,1055.25 1 0
xteve/src/buffer.go:1056.15,1058.17 2 1
xteve/src/buffer.go:1058.17,1060.4 1 0
xteve/src/buffer.go:1060.9,1063.4 2 1
xteve/src/buffer.go:1065.2,1065.8 1 1
xteve/src/buffer.go:1068.34,1069.13 1 1
xteve/src/buffer.go:1069.13,1071.3 1 1
xteve/src/buffer.go:1071.8,1073.3 1 1
xteve/src/buffer.go:1076.38,1079.36 2 1
xteve/src/buffer.go:1079.36,1081.3 1 1
xteve/src/buffer.go:1083.2,1098.40 11 0
xteve/src/buffer.go:1098.40,1101.29 2 0
xteve/src/buffer.go:1101.29,1104.4 2 0
xteve/src/buffer.go:1107.2,1108.30 2 0
xteve/src/buffer.go:1111.41,1114.36 2 0
xteve/src/buffer.go:1114.36,1116.3 1 0
xteve/src/buffer.go:1118.2,1134.38 11 0
xteve/src/buffer.go:1134.38,1135.35 1 0
xteve/src/buffer.go:1136.19,1137.71 1 0
xteve/src/buffer.go:1138.11,1139.52 1 0
xteve/src/buffer.go:1141.3,1141.31 1 0
xteve/src/buffer.go:1144.2,1145.30 2 0
xteve/src/cert.go:18.33,33.16 5 0
xteve/src/cert.go:33.16,35.3 1 0
xteve/src/cert.go:37.2,38.16 2 0
xteve/src/cert.go:38.16,40.3 1 0
xteve/src/cert.go:42.2,59.16 4 0
xteve/src/cert.go:59.16,61.3 1 0
xteve/src/cert.go:63.2,69.16 3 0
xteve/src/cert.go:69.16,71.3 1 0
xteve/src/cert.go:73.2,74.16 2 0
xteve/src/cert.go:74.16,76.3 1 0
xteve/src/cert.go:77.2,77.8 1 0
xteve/src/compression.go:14.58,16.16 2 1
xteve/src/compression.go:16.16,18.3 1 0
xteve/src/compression.go:19.2,24.37 4 1
xteve/src/compression.go:24.37,26.17 2 1
xteve/src/compression.go:26.17,28.4 1 0
xteve/src/compression.go:30.3,31.19 2 1
xteve/src/compression.go:31.19,33.4 1 1
xteve/src/compression.go:35.3,35.89 1 1
xteve/src/compression.go:35.89,36.18 1 1
xteve/src/compression.go:36.18,38.5 1 0
xteve/src/compression.go:40.4,41.18 2 1
xteve/src/compression.go:41.18,43.5 1 0
xteve/src/compression.go:45.4,45.21 1 1
xteve/src/compression.go:45.21,47.5 1 1
xteve/src/compression.go:49.4,49.20 1 1
xteve/src/compression.go:49.20,51.5 1 1
xteve/src/compression.go:51.10,53.5 1 1
xteve/src/compression.go:55.4,56.18 2 1
xteve/src/compression.go:56.18,58.5 1 0
xteve/src/compression.go:60.4,60.20 1 1
xteve/src/compression.go:60.20,62.5 1 1
xteve/src/compression.go:64.4,65.18 2 1
xteve/src/compression.go:65.18,67.5 1 0
xteve/src/compression.go:68.4,71.14 3 1
xteve/src/compression.go:75.3,75.21 1 1
xteve/src/compression.go:75.21,77.4 1 0
xteve/src/compression.go:83.2,83.12 1 1
xteve/src/compression.go:86.53,88.16 2 1
xteve/src/compression.go:88.16,90.3 1 0
xteve/src/compression.go:91.2,93.50 2 1
xteve/src/compression.go:93.50,95.3 1 0
xteve/src/compression.go:98.2,99.16 2 1
xteve/src/compression.go:99.16,101.3 1 0
xteve/src/compression.go:103.2,103.35 1 1
xteve/src/compression.go:103.35,110.80 2 1
xteve/src/compression.go:110.80,112.4 1 1
xteve/src/compression.go:114.3,114.30 1 1
xteve/src/compression.go:114.30,115.57 1 1
xteve/src/compression.go:115.57,117.5 1 0
xteve/src/compression.go:118.4,118.12 1 1
xteve/src/compression.go:121.3,122.17 2 1
xteve/src/compression.go:122.17,124.4 1 0
xteve/src/compression.go:125.3,128.17 3 1
xteve/src/compression.go:128.17,130.4 1 0
xteve/src/compression.go:131.3,133.60 2 1
xteve/src/compression.go:133.60,135.4 1 0
xteve/src/compression.go:137.2,137.8 1 1
xteve/src/compression.go:140.79,145.16 4 1
xteve/src/compression.go:145.16,150.3 3 1
xteve/src/compression.go:152.2,156.16 4 1
xteve/src/compression.go:156.16,160.3 3 0
xteve/src/compression.go:162.2,163.8 2 1
xteve/src/compression.go:166.58,167.20 1 1
xteve/src/compression.go:167.20,169.17 2 1
xteve/src/compression.go:169.17,171.4 1 0
xteve/src/compression.go:173.3,174.53 2 1
xteve/src/compression.go:174.53,178.4 2 0
xteve/src/compression.go:179.3,179.45 1 1
xteve/src/compression.go:179.45,183.4 2 0
xteve/src/compression.go:185.3,185.53 1 1
xteve/src/compression.go:185.53,187.4 1 0
xteve/src/compression.go:189.2,189.8 1 1
xteve/src/config.go:42.25,62.36 13 0
xteve/src/config.go:62.36,64.3 1 0
xteve/src/config.go:64.8,66.3 1 0
xteve/src/config.go:68.2,83.16 11 0
xteve/src/config.go:83.16,86.3 2 0
xteve/src/config.go:88.2,88.34 1 0
xteve/src/config.go:88.34,91.3 1 0
xteve/src/config.go:93.2,101.16 7 0
xteve/src/config.go:101.16,103.3 1 0
xteve/src/config.go:106.2,118.27 4 0
xteve/src/config.go:118.27,121.3 2 0
xteve/src/config.go:123.2,129.16 5 0
xteve/src/config.go:129.16,132.3 2 0
xteve/src/config.go:135.2,136.16 2 0
xteve/src/config.go:136.16,138.3 1 0
xteve/src/config.go:141.2,144.16 3 0
xteve/src/config.go:144.16,147.3 2 0
xteve/src/config.go:149.2,150.16 2 0
xteve/src/config.go:150.16,152.3 1 0
xteve/src/config.go:154.2,159.16 4 0
xteve/src/config.go:159.16,161.3 1 0
xteve/src/config.go:162.2,163.16 2 0
xteve/src/config.go:163.16,165.3 1 0
xteve/src/config.go:168.2,171.16 3 0
xteve/src/config.go:171.16,173.3 1 0
xteve/src/config.go:175.2,176.16 2 0
xteve/src/config.go:176.16,178.3 1 0
xteve/src/config.go:180.2,180.51 1 0
xteve/src/config.go:180.51,182.3 1 0
xteve/src/config.go:185.2,191.16 4 0
xteve/src/config.go:191.16,193.3 1 0
xteve/src/config.go:195.2,195.8 1 0
xteve/src/config.go:199.56,202.32 2 0
xteve/src/config.go:202.32,204.3 1 0
xteve/src/config.go:207.2,213.80 5 0
xteve/src/config.go:213.80,215.17 2 0
xteve/src/config.go:215.17,218.4 1 0
xteve/src/config.go:220.3,220.73 1 0
xteve/src/config.go:220.73,223.4 1 0
xteve/src/config.go:224.3,224.74 1 0
xteve/src/config.go:224.74,227.4 1 0
xteve/src/config.go:229.3,229.35 1 0
xteve/src/config.go:229.35,230.76 1 0
xteve/src/config.go:230.76,233.5 1 0
xteve/src/config.go:237.2,238.16 2 0
xteve/src/config.go:238.16,241.3 2 0
xteve/src/config.go:243.2,244.16 2 0
xteve/src/config.go:244.16,247.3 2 0
xteve/src/config.go:249.2,249.8 1 0
xteve/src/config.go:253.21,255.16 2 0
xteve/src/config.go:255.16,257.3 1 0
xteve/src/config.go:259.2,260.16 2 0
xteve/src/config.go:260.16,262.3 1 0
xteve/src/data.go:19.87,31.38 9 0
xteve/src/data.go:31.38,32.36 1 0
xteve/src/data.go:32.36,33.15 1 0
xteve/src/data.go:34.17,35.22 1 0
xteve/src/data.go:36.21,37.22 1 0
xteve/src/data.go:38.18,41.40 2 0
xteve/src/data.go:41.40,42.31 1 0
xteve/src/data.go:42.31,43.34 1 0
xteve/src/data.go:43.34,47.22 3 0
xteve/src/data.go:47.22,50.9 2 0
xteve/src/data.go:51.8,51.50 1 0
xteve/src/data.go:52.13,54.8 1 0
xteve/src/data.go:56.11,58.6 1 0
xteve/src/data.go:60.5,60.27 1 0
xteve/src/data.go:61.24,62.23 1 0
xteve/src/data.go:63.39,64.27 1 0
xteve/src/data.go:65.23,66.36 1 0
xteve/src/data.go:66.36,69.20 3 0
xteve/src/data.go:69.20,71.7 1 0
xteve/src/data.go:73.6,73.20 1 0
xteve/src/data.go:73.20,75.7 1 0
xteve/src/data.go:76.6,76.15 1 0
xteve/src/data.go:77.11,80.6 2 0
xteve/src/data.go:81.21,82.36 1 0
xteve/src/data.go:82.36,84.6 1 0
xteve/src/data.go:84.11,87.6 2 0
xteve/src/data.go:88.36,89.27 1 0
xteve/src/data.go:90.29,92.91 1 0
xteve/src/data.go:92.91,94.6 1 0
xteve/src/data.go:95.32,97.100 1 0
xteve/src/data.go:97.100,99.6 1 0
xteve/src/data.go:102.4,104.36 2 0
xteve/src/data.go:105.16,106.84 1 0
xteve/src/data.go:107.18,108.84 1 0
xteve/src/data.go:109.26,110.84 1 0
xteve/src/data.go:111.19,112.37 1 0
xteve/src/data.go:112.37,114.6 1 0
xteve/src/data.go:114.11,116.6 1 0
xteve/src/data.go:117.12,118.37 1 0
xteve/src/data.go:120.4,120.23 1 0
xteve/src/data.go:125.2,126.16 2 0
xteve/src/data.go:126.16,128.3 1 0
xteve/src/data.go:130.2,130.33 1 0
xteve/src/data.go:130.33,136.3 5 0
xteve/src/data.go:139.2,140.16 2 0
xteve/src/data.go:140.16,143.17 2 0
xteve/src/data.go:143.17,145.18 2 0
xteve/src/data.go:145.18,147.5 1 0
xteve/src/data.go:148.4,148.53 1 0
xteve/src/data.go:148.53,153.5 1 0
xteve/src/data.go:156.3,156.18 1 0
xteve/src/data.go:156.18,157.74 1 0
xteve/src/data.go:157.74,159.19 2 0
xteve/src/data.go:159.19,161.6 1 0
xteve/src/data.go:163.5,163.33 1 0
xteve/src/data.go:164.16,165.52 1 0
xteve/src/data.go:165.52,168.7 1 0
xteve/src/data.go:169.6,169.50 1 0
xteve/src/data.go:169.50,172.7 1 0
xteve/src/data.go:173.15,174.16 1 0
xteve/src/data.go:174.16,175.53 1 0
xteve/src/data.go:175.53,178.8 1 0
xteve/src/data.go:179.7,179.51 1 0
xteve/src/data.go:179.51,182.8 1 0
xteve/src/data.go:184.7,192.56 6 0
xteve/src/data.go:192.56,195.8 1 0
xteve/src/data.go:201.3,201.22 1 0
xteve/src/data.go:201.22,202.14 1 0
xteve/src/data.go:202.14,203.51 1 0
xteve/src/data.go:203.51,206.6 1 0
xteve/src/data.go:207.5,207.49 1 0
xteve/src/data.go:207.49,210.6 1 0
xteve/src/data.go:214.2,214.8 1 0
xteve/src/data.go:218.68,224.18 5 0
xteve/src/data.go:225.13,228.18 3 0
xteve/src/data.go:229.14,232.18 3 0
xteve/src/data.go:233.15,236.18 3 0
xteve/src/data.go:239.2,239.24 1 0
xteve/src/data.go:239.24,241.3 1 0
xteve/src/data.go:243.2,243.36 1 0
xteve/src/data.go:243.36,244.20 1 0
xteve/src/data.go:244.20,248.18 3 0
xteve/src/data.go:248.18,250.5 1 0
xteve/src/data.go:251.4,252.45 2 0
xteve/src/data.go:252.45,254.35 2 0
xteve/src/data.go:254.35,257.6 2 0
xteve/src/data.go:258.5,258.28 1 0
xteve/src/data.go:259.10,261.5 1 0
xteve/src/data.go:262.9,264.47 1 0
xteve/src/data.go:264.47,265.60 1 0
xteve/src/data.go:265.60,266.37 1 0
xteve/src/data.go:266.37,268.7 1 0
xteve/src/data.go:269.11,271.6 1 0
xteve/src/data.go:272.10,274.5 1 0
xteve/src/data.go:277.3,277.19 1 0
xteve/src/data.go:278.14,279.33 1 0
xteve/src/data.go:280.15,281.34 1 0
xteve/src/data.go:282.16,283.35 1 0
xteve/src/data.go:286.3,286.44 1 0
xteve/src/data.go:286.44,288.32 1 0
xteve/src/data.go:288.32,293.19 4 0
xteve/src/data.go:293.19,296.6 2 0
xteve/src/data.go:299.4,299.35 1 0
xteve/src/data.go:299.35,302.5 2 0
xteve/src/data.go:305.3,306.17 2 0
xteve/src/data.go:306.17,308.4 1 0
xteve/src/data.go:310.3,310.17 1 0
xteve/src/data.go:310.17,312.18 2 0
xteve/src/data.go:312.18,314.5 1 0
xteve/src/data.go:315.4,315.53 1 0
xteve/src/data.go:315.53,319.5 1 0
xteve/src/data.go:321.3,321.31 1 0
xteve/src/data.go:323.2,323.8 1 0
xteve/src/data.go:327.69,330.18 2 0
xteve/src/data.go:331.13,332.33 1 0
xteve/src/data.go:333.14,334.34 1 0
xteve/src/data.go:335.15,336.35 1 0
xteve/src/data.go:339.2,339.33 1 0
xteve/src/data.go:339.33,341.17 2 0
xteve/src/data.go:341.17,343.18 2 0
xteve/src/data.go:343.18,345.5 1 0
xteve/src/data.go:346.4,346.53 1 0
xteve/src/data.go:346.53,350.5 1 0
xteve/src/data.go:353.2,353.8 1 0
xteve/src/data.go:357.56,361.18 3 0
xteve/src/data.go:362.13,364.25 2 0
xteve/src/data.go:365.14,367.26 2 0
xteve/src/data.go:368.15,370.25 2 0
xteve/src/data.go:373.2,373.37 1 0
xteve/src/data.go:373.37,376.68 3 0
xteve/src/data.go:376.68,379.4 1 0
xteve/src/data.go:384.77,385.28 1 0
xteve/src/data.go:385.28,387.3 1 0
xteve/src/data.go:390.2,390.38 1 0
xteve/src/data.go:390.38,391.2 1 0
xteve/src/data.go:392.3,392.39 1 0
xteve/src/data.go:392.39,394.14 2 0
xteve/src/data.go:396.3,396.12 1 0
xteve/src/data.go:399.2,399.42 1 0
xteve/src/data.go:399.42,401.10 2 0
xteve/src/data.go:401.10,403.4 1 0
xteve/src/data.go:406.3,406.71 1 0
xteve/src/data.go:406.71,408.4 1 0
xteve/src/data.go:409.3,409.83 1 0
xteve/src/data.go:409.83,411.4 1 0
xteve/src/data.go:413.3,414.17 2 0
xteve/src/data.go:414.17,416.4 1 0
xteve/src/data.go:419.3,419.66 1 0
xteve/src/data.go:419.66,421.12 2 0
xteve/src/data.go:425.3,425.15 1 0
xteve/src/data.go:425.15,437.39 5 0
xteve/src/data.go:437.39,439.5 1 0
xteve/src/data.go:440.4,440.41 1 0
xteve/src/data.go:441.9,443.70 1 0
xteve/src/data.go:443.70,444.40 1 0
xteve/src/data.go:444.40,446.6 1 0
xteve/src/data.go:447.10,450.5 1 0
xteve/src/data.go:454.2,454.47 1 0
xteve/src/data.go:454.47,456.3 1 0
xteve/src/data.go:458.2,458.43 1 0
xteve/src/data.go:458.43,460.3 1 0
xteve/src/data.go:462.2,462.41 1 0
xteve/src/data.go:462.41,465.3 1 0
xteve/src/data.go:467.2,467.22 1 0
xteve/src/data.go:471.57,473.16 2 0
xteve/src/data.go:473.16,475.3 1 0
xteve/src/data.go:479.2,481.16 3 0
xteve/src/data.go:481.16,483.3 1 0
xteve/src/data.go:486.2,487.16 2 0
xteve/src/data.go:487.16,489.3 1 0
xteve/src/data.go:491.2,493.32 2 0
xteve/src/data.go:493.32,497.51 4 0
xteve/src/data.go:497.51,502.4 1 0
xteve/src/data.go:503.8,505.13 1 0
xteve/src/data.go:505.13,506.32 1 0
xteve/src/data.go:506.32,508.5 1 0
xteve/src/data.go:509.4,511.8 2 0
xteve/src/data.go:511.8,513.35 2 0
xteve/src/data.go:513.35,514.11 1 0
xteve/src/data.go:518.4,521.53 4 0
xteve/src/data.go:521.53,524.5 1 0
xteve/src/data.go:525.4,527.36 2 0
xteve/src/data.go:530.2,530.8 1 0
xteve/src/data.go:534.54,537.83 2 0
xteve/src/data.go:537.83,539.59 2 0
xteve/src/data.go:539.59,541.4 1 0
xteve/src/data.go:543.3,543.59 1 0
xteve/src/data.go:543.59,545.4 1 0
xteve/src/data.go:547.3,547.27 1 0
xteve/src/data.go:547.27,549.4 1 0
xteve/src/data.go:550.3,550.9 1 0
xteve/src/data.go:553.2,553.45 1 0
xteve/src/data.go:553.45,555.10 2 0
xteve/src/data.go:555.10,558.4 2 0
xteve/src/data.go:560.3,561.17 2 0
xteve/src/data.go:561.17,563.4 1 0
xteve/src/data.go:565.3,565.25 1 0
xteve/src/data.go:565.25,568.4 2 0
xteve/src/data.go:570.3,573.41 3 0
xteve/src/data.go:573.41,574.72 1 0
xteve/src/data.go:574.72,579.5 1 0
xteve/src/data.go:580.9,582.18 2 0
xteve/src/data.go:582.18,584.5 1 0
xteve/src/data.go:587.2,587.8 1 0
xteve/src/data.go:591.53,594.9 3 0
xteve/src/data.go:594.9,596.3 1 0
xteve/src/data.go:598.2,600.9 3 0
xteve/src/data.go:600.9,602.3 1 0
xteve/src/data.go:604.2,608.16 4 0
xteve/src/data.go:608.16,610.3 1 0
xteve/src/data.go:612.2,613.8 2 0
xteve/src/data.go:617.66,621.33 3 0
xteve/src/data.go:621.33,622.14 1 0
xteve/src/data.go:623.16,624.36 1 0
xteve/src/data.go:624.36,627.5 2 0
xteve/src/data.go:627.10,629.5 1 0
xteve/src/data.go:630.20,631.35 1 0
xteve/src/data.go:631.35,634.5 2 0
xteve/src/data.go:634.10,636.5 1 0
xteve/src/data.go:637.23,647.15 6 0
xteve/src/data.go:648.15,651.20 3 0
xteve/src/data.go:652.17,655.20 3 0
xteve/src/data.go:658.4,660.18 3 0
xteve/src/data.go:660.18,662.5 1 0
xteve/src/data.go:663.4,664.35 2 0
xteve/src/data.go:664.35,666.5 1 0
xteve/src/data.go:666.10,668.5 1 0
xteve/src/data.go:670.4,672.15 2 0
xteve/src/data.go:673.15,679.19 4 0
xteve/src/data.go:679.19,683.6 3 0
xteve/src/data.go:685.5,686.19 2 0
xteve/src/data.go:686.19,690.6 3 0
xteve/src/data.go:692.5,692.36 1 0
xteve/src/data.go:692.36,694.6 1 0
xteve/src/data.go:695.17,701.19 4 0
xteve/src/data.go:701.19,705.6 3 0
xteve/src/data.go:706.5,706.54 1 0
xteve/src/data.go:706.54,710.6 1 0
xteve/src/data.go:711.5,711.30 1 0
xteve/src/data.go:716.2,717.16 2 0
xteve/src/data.go:717.16,719.3 1 0
xteve/src/data.go:720.2,720.8 1 0
xteve/src/data.go:724.38,728.36 3 0
xteve/src/data.go:728.36,733.17 4 0
xteve/src/data.go:733.17,735.4 1 0
xteve/src/data.go:737.3,737.22 1 0
xteve/src/data.go:738.24,745.33 5 0
xteve/src/data.go:745.33,747.5 1 0
xteve/src/data.go:749.4,749.49 1 0
xteve/src/data.go:750.22,751.31 1 0
xteve/src/data.go:751.31,753.5 1 0
xteve/src/data.go:755.4,755.31 1 0
xteve/src/data.go:755.31,757.5 1 0
xteve/src/data.go:759.4,770.33 9 0
xteve/src/data.go:770.33,774.5 3 0
xteve/src/data.go:777.4,777.43 1 0
xteve/src/data.go:777.43,784.32 6 0
xteve/src/data.go:784.32,785.17 1 0
xteve/src/data.go:785.17,787.7 1 0
xteve/src/data.go:792.4,792.43 1 0
xteve/src/data.go:792.43,799.32 6 0
xteve/src/data.go:799.32,800.17 1 0
xteve/src/data.go:800.17,802.7 1 0
xteve/src/data.go:806.4,806.49 1 0
xteve/src/data.go:809.2,809.8 1 0
xteve/src/data.go:813.37,830.16 13 0
xteve/src/data.go:830.16,832.3 1 0
xteve/src/data.go:834.2,834.46 1 0
xteve/src/data.go:834.46,837.34 2 0
xteve/src/data.go:837.34,846.20 7 0
xteve/src/data.go:847.15,848.47 1 0
xteve/src/data.go:849.16,850.47 1 0
xteve/src/data.go:853.4,853.18 1 0
xteve/src/data.go:853.18,858.5 4 0
xteve/src/data.go:861.4,861.36 1 0
xteve/src/data.go:861.36,863.12 2 0
xteve/src/data.go:863.12,864.14 1 0
xteve/src/data.go:866.5,870.39 4 0
xteve/src/data.go:870.39,871.55 1 0
xteve/src/data.go:871.55,873.15 2 0
xteve/src/data.go:874.12,876.7 1 0
xteve/src/data.go:880.5,880.30 1 0
xteve/src/data.go:880.30,881.17 1 0
xteve/src/data.go:882.18,883.42 1 0
xteve/src/data.go:883.42,884.26 1 0
xteve/src/data.go:884.26,886.9 1 0
xteve/src/data.go:888.25,889.34 1 0
xteve/src/data.go:889.34,890.26 1 0
xteve/src/data.go:890.26,893.9 2 0
xteve/src/data.go:895.20,896.34 1 0
xteve/src/data.go:896.34,897.26 1 0
xteve/src/data.go:897.26,899.9 1 0
xteve/src/data.go:903.5,909.34 4 0
xteve/src/data.go:909.34,912.39 2 0
xteve/src/data.go:912.39,914.7 1 0
xteve/src/data.go:915.6,915.51 1 0
xteve/src/data.go:918.5,918.19 1 0
xteve/src/data.go:919.15,921.63 2 0
xteve/src/data.go:922.16,924.67 2 0
xteve/src/data.go:928.4,928.18 1 0
xteve/src/data.go:928.18,930.5 1 0
xteve/src/data.go:930.10,932.5 1 0
xteve/src/data.go:934.4,934.23 1 0
xteve/src/data.go:934.23,936.5 1 0
xteve/src/data.go:936.10,938.5 1 0
xteve/src/data.go:940.4,940.17 1 0
xteve/src/data.go:940.17,942.5 1 0
xteve/src/data.go:942.10,944.5 1 0
xteve/src/data.go:945.4,946.92 2 0
xteve/src/data.go:946.92,951.5 1 0
xteve/src/data.go:955.2,955.41 1 0
xteve/src/data.go:955.41,960.3 4 0
xteve/src/data.go:962.2,965.64 3 0
xteve/src/data.go:965.64,971.3 4 0
xteve/src/data.go:973.2,973.56 1 0
xteve/src/data.go:973.56,975.3 1 0
xteve/src/data.go:977.2,988.8 8 0
xteve/src/data.go:992.67,996.18 3 1
xteve/src/data.go:997.13,999.31 2 0
xteve/src/data.go:1000.14,1002.32 2 0
xteve/src/data.go:1003.15,1005.33 2 1
xteve/src/data.go:1008.2,1008.30 1 1
xteve/src/data.go:1008.30,1010.3 1 1
xteve/src/data.go:1011.2,1011.8 1 1
xteve/src/data.go:1015.64,1018.18 2 1
xteve/src/data.go:1019.13,1020.31 1 1
xteve/src/data.go:1021.14,1022.32 1 0
xteve/src/data.go:1023.15,1024.33 1 1
xteve/src/data.go:1027.2,1027.50 1 1
xteve/src/data.go:1027.50,1028.38 1 1
xteve/src/data.go:1028.38,1030.4 1 1
xteve/src/data.go:1032.3,1032.39 1 1
xteve/src/data.go:1032.39,1034.4 1 0
xteve/src/data.go:1036.2,1036.8 1 1
xteve/src/data.go:1040.88,1043.18 2 0
xteve/src/data.go:1044.13,1045.31 1 0
xteve/src/data.go:1046.14,1047.32 1 0
xteve/src/data.go:1048.15,1049.33 1 0
xteve/src/data.go:1052.2,1052.50 1 0
xteve/src/data.go:1052.50,1055.19 2 0
xteve/src/data.go:1056.14,1057.32 1 0
xteve/src/data.go:1058.15,1059.33 1 0
xteve/src/data.go:1060.16,1061.34 1 0
xteve/src/data.go:1063.3,1063.32 1 0
xteve/src/data.go:1065.2,1065.12 1 0
xteve/src/hdhr.go:13.96,17.16 3 0
xteve/src/hdhr.go:17.16,18.30 1 0
xteve/src/hdhr.go:18.30,21.11 3 0
xteve/src/hdhr.go:21.11,22.13 1 0
xteve/src/hdhr.go:25.4,26.55 2 0
xteve/src/hdhr.go:26.55,29.5 2 0
xteve/src/hdhr.go:30.4,30.48 1 0
xteve/src/hdhr.go:30.48,32.5 1 0
xteve/src/hdhr.go:33.4,33.59 1 0
xteve/src/hdhr.go:33.59,35.5 1 0
xteve/src/hdhr.go:36.4,39.40 3 0
xteve/src/hdhr.go:42.2,42.8 1 0
xteve/src/hdhr.go:45.53,64.16 15 0
xteve/src/hdhr.go:64.16,66.3 1 0
xteve/src/hdhr.go:68.2,71.8 4 0
xteve/src/hdhr.go:74.52,91.2 13 0
xteve/src/hdhr.go:93.56,103.2 7 0
xteve/src/hdhr.go:105.50,108.28 2 0
xteve/src/hdhr.go:109.13,110.43 1 0
xteve/src/hdhr.go:110.43,116.52 2 0
xteve/src/hdhr.go:116.52,118.5 1 0
xteve/src/hdhr.go:118.10,120.19 2 0
xteve/src/hdhr.go:120.19,122.6 1 0
xteve/src/hdhr.go:125.4,127.37 3 0
xteve/src/hdhr.go:128.11,131.19 3 0
xteve/src/hdhr.go:131.19,133.6 1 0
xteve/src/hdhr.go:134.5,134.37 1 0
xteve/src/hdhr.go:135.12,136.46 1 0
xteve/src/hdhr.go:139.4,140.18 2 0
xteve/src/hdhr.go:140.18,142.5 1 0
xteve/src/hdhr.go:142.10,144.5 1 0
xteve/src/hdhr.go:146.14,147.50 1 0
xteve/src/hdhr.go:147.50,149.27 1 0
xteve/src/hdhr.go:149.27,155.19 5 0
xteve/src/hdhr.go:155.19,157.6 1 0
xteve/src/hdhr.go:157.11,159.6 1 0
xteve/src/hdhr.go:166.2,166.45 1 0
xteve/src/hdhr.go:166.45,171.42 4 0
xteve/src/hdhr.go:171.42,173.4 1 0
xteve/src/hdhr.go:175.3,175.42 1 0
xteve/src/hdhr.go:175.42,177.4 1 0
xteve/src/hdhr.go:179.3,181.20 3 0
xteve/src/hdhr.go:181.20,183.4 1 0
xteve/src/hdhr.go:184.3,184.20 1 0
xteve/src/hdhr.go:184.20,186.4 1 0
xteve/src/hdhr.go:187.3,187.11 1 0
xteve/src/hdhr.go:190.2,191.16 2 0
xteve/src/hdhr.go:191.16,193.3 1 0
xteve/src/hdhr.go:195.2,198.8 3 0
xteve/src/hdhr.go:201.70,202.30 1 0
xteve/src/hdhr.go:202.30,207.17 3 0
xteve/src/hdhr.go:207.17,209.4 1 0
xteve/src/hdhr.go:211.3,211.31 1 0
xteve/src/hdhr.go:211.31,212.35 1 0
xteve/src/hdhr.go:212.35,214.5 1 0
xteve/src/hdhr.go:218.2,218.54 1 0
xteve/src/hdhr.go:218.54,220.2 2 0
xteve/src/hdhr.go:221.3,224.36 3 0
xteve/src/hdhr.go:224.36,226.4 1 0
xteve/src/hdhr.go:228.3,228.31 1 0
xteve/src/hdhr.go:228.31,230.14 2 0
xteve/src/hdhr.go:232.3,232.9 1 0
xteve/src/hdhr.go:235.2,235.50 1 0
xteve/src/hdhr.go:235.50,237.3 1 0
xteve/src/hdhr.go:237.8,241.3 3 0
xteve/src/hdhr.go:242.2,242.8 1 0
xteve/src/http_utils.go:25.42,26.26 1 1
xteve/src/http_utils.go:26.26,27.59 1 1
xteve/src/http_utils.go:27.59,29.4 1 1
xteve/src/http_utils.go:29.9,42.4 1 0
xteve/src/http_utils.go:43.3,43.52 1 1
xteve/src/http_utils.go:45.2,45.23 1 1
xteve/src/http_utils.go:48.88,60.20 5 1
xteve/src/http_utils.go:60.20,61.75 1 1
xteve/src/http_utils.go:61.75,63.18 2 1
xteve/src/http_utils.go:63.18,65.5 1 0
xteve/src/http_utils.go:66.4,67.17 2 1
xteve/src/http_utils.go:67.17,68.24 1 1
xteve/src/http_utils.go:68.24,70.6 1 1
xteve/src/http_utils.go:71.5,71.32 1 1
xteve/src/http_utils.go:71.32,73.6 1 0
xteve/src/http_utils.go:74.5,74.27 1 1
xteve/src/http_utils.go:74.27,76.6 1 1
xteve/src/http_utils.go:78.4,78.14 1 1
xteve/src/http_utils.go:83.2,83.25 1 1
xteve/src/http_utils.go:83.25,85.17 2 1
xteve/src/http_utils.go:85.17,87.4 1 1
xteve/src/http_utils.go:90.3,90.12 1 1
xteve/src/http_utils.go:90.12,91.11 1 1
xteve/src/http_utils.go:92.22,93.20 1 0
xteve/src/http_utils.go:94.46,95.13 1 1
xteve/src/http_utils.go:99.2,99.17 1 1
xteve/src/http_utils.go:103.35,110.69 2 1
xteve/src/http_utils.go:110.69,111.22 1 0
xteve/src/http_utils.go:111.22,113.5 1 0
xteve/src/http_utils.go:117.4,118.26 2 0
xteve/src/http_utils.go:118.26,127.5 2 0
xteve/src/http_utils.go:129.4,129.14 1 0
xteve/src/http_utils.go:134.87,139.6 4 1
xteve/src/http_utils.go:139.6,142.17 2 1
xteve/src/http_utils.go:142.17,143.19 1 0
xteve/src/http_utils.go:143.19,145.5 1 0
xteve/src/http_utils.go:146.4,146.74 1 0
xteve/src/http_utils.go:146.74,150.13 4 0
xteve/src/http_utils.go:152.4,152.19 1 0
xteve/src/http_utils.go:155.3,155.39 1 1
xteve/src/http_utils.go:155.39,156.74 1 1
xteve/src/http_utils.go:156.74,160.13 4 1
xteve/src/http_utils.go:162.4,162.58 1 0
xteve/src/http_utils.go:165.3,165.19 1 1
xteve/src/images.go:11.69,16.16 3 1
xteve/src/images.go:16.16,18.3 1 0
xteve/src/images.go:21.2,33.23 4 1
xteve/src/images.go:33.23,36.3 2 1
xteve/src/images.go:38.2,41.16 3 1
xteve/src/images.go:41.16,43.3 1 0
xteve/src/images.go:45.2,46.8 2 1
xteve/src/info.go:9.26,11.2 1 0
xteve/src/info.go:14.23,17.16 3 0
xteve/src/info.go:17.16,20.3 2 0
xteve/src/info.go:22.2,23.16 2 0
xteve/src/info.go:23.16,26.3 2 0
xteve/src/info.go:28.2,41.44 10 0
xteve/src/info.go:41.44,42.22 1 0
xteve/src/info.go:43.19,44.57 1 0
xteve/src/info.go:45.20,46.56 1 0
xteve/src/info.go:50.2,53.44 3 0
xteve/src/info.go:53.44,54.22 1 0
xteve/src/info.go:55.19,56.57 1 0
xteve/src/info.go:57.20,58.56 1 0
xteve/src/info.go:62.2,91.62 23 0
xteve/src/m3u.go:16.75,21.16 4 0
xteve/src/m3u.go:21.16,22.19 1 0
xteve/src/m3u.go:23.14,24.53 1 0
xteve/src/m3u.go:25.15,26.67 1 0
xteve/src/m3u.go:29.2,29.8 1 0
xteve/src/m3u.go:35.44,36.27 1 1
xteve/src/m3u.go:36.27,38.3 1 0
xteve/src/m3u.go:41.2,42.9 2 1
xteve/src/m3u.go:42.9,45.3 1 0
xteve/src/m3u.go:48.2,61.31 9 1
xteve/src/m3u.go:61.31,62.27 1 1
xteve/src/m3u.go:62.27,63.38 1 1
xteve/src/m3u.go:63.38,66.5 2 1
xteve/src/m3u.go:67.4,67.30 1 1
xteve/src/m3u.go:71.2,71.37 1 1
xteve/src/m3u.go:71.37,72.24 1 1
xteve/src/m3u.go:72.24,73.12 1 0
xteve/src/m3u.go:76.3,84.28 5 1
xteve/src/m3u.go:84.28,85.21 1 1
xteve/src/m3u.go:85.21,86.30 1 1
xteve/src/m3u.go:86.30,89.6 2 1
xteve/src/m3u.go:90.5,90.44 1 1
xteve/src/m3u.go:93.4,93.38 1 1
xteve/src/m3u.go:93.38,95.23 2 1
xteve/src/m3u.go:95.23,96.32 1 1
xteve/src/m3u.go:96.32,99.7 2 1
xteve/src/m3u.go:100.6,100.47 1 1
xteve/src/m3u.go:103.9,105.38 1 1
xteve/src/m3u.go:105.38,107.23 2 0
xteve/src/m3u.go:107.23,109.6 1 0
xteve/src/m3u.go:114.3,114.22 1 1
xteve/src/m3u.go:115.22,118.68 2 1
xteve/src/m3u.go:118.68,122.5 3 1
xteve/src/m3u.go:123.24,126.86 2 1
xteve/src/m3u.go:126.86,128.5 1 1
xteve/src/m3u.go:131.3,131.12 1 1
xteve/src/m3u.go:131.12,134.39 1 1
xteve/src/m3u.go:134.39,135.75 1 1
xteve/src/m3u.go:135.75,137.6 1 0
xteve/src/m3u.go:139.4,139.39 1 1
xteve/src/m3u.go:139.39,140.75 1 1
xteve/src/m3u.go:140.75,142.6 1 1
xteve/src/m3u.go:144.4,144.15 1 1
xteve/src/m3u.go:147.2,147.14 1 1
xteve/src/m3u.go:151.93,152.16 1 1
xteve/src/m3u.go:153.17,154.16 1 1
xteve/src/m3u.go:155.17,156.17 1 1
xteve/src/m3u.go:163.2,163.33 1 1
xteve/src/m3u.go:163.33,164.43 1 1
xteve/src/m3u.go:164.43,165.18 1 1
xteve/src/m3u.go:166.19,167.17 1 0
xteve/src/m3u.go:168.19,169.16 1 1
xteve/src/m3u.go:174.2,174.8 1 1
xteve/src/m3u.go:180.47,181.18 1 1
xteve/src/m3u.go:181.18,183.3 1 0
xteve/src/m3u.go:185.2,186.6 2 1
xteve/src/m3u.go:186.6,188.16 2 1
xteve/src/m3u.go:188.16,190.4 1 1
xteve/src/m3u.go:191.3,199.33 4 1
xteve/src/m3u.go:199.33,201.4 1 1
xteve/src/m3u.go:206.3,207.22 2 0
xteve/src/m3u.go:207.22,209.4 1 0
xteve/src/m3u.go:214.56,217.16 3 1
xteve/src/m3u.go:217.16,219.3 1 0
xteve/src/m3u.go:220.2,222.22 2 1
xteve/src/m3u.go:222.22,225.3 2 1
xteve/src/m3u.go:226.2,226.8 1 1
xteve/src/m3u.go:231.65,255.33 5 1
xteve/src/m3u.go:255.33,257.3 1 1
xteve/src/m3u.go:259.2,261.28 2 1
xteve/src/m3u.go:262.13,263.43 1 1
xteve/src/m3u.go:263.43,265.11 2 1
xteve/src/m3u.go:265.11,266.13 1 0
xteve/src/m3u.go:270.4,279.59 7 1
xteve/src/m3u.go:279.59,281.5 1 1
xteve/src/m3u.go:284.4,287.23 3 1
xteve/src/m3u.go:287.23,288.51 1 0
xteve/src/m3u.go:288.51,289.14 1 0
xteve/src/m3u.go:293.4,297.6 2 1
xteve/src/m3u.go:300.14,301.50 1 1
xteve/src/m3u.go:301.50,302.27 1 1
xteve/src/m3u.go:302.27,303.24 1 1
xteve/src/m3u.go:303.24,304.59 1 0
xteve/src/m3u.go:304.59,305.15 1 0
xteve/src/m3u.go:309.5,326.7 3 1
xteve/src/m3u.go:331.2,331.62 1 1
xteve/src/m3u.go:331.62,333.3 1 1
xteve/src/m3u.go:336.2,340.26 2 1
xteve/src/m3u.go:340.26,341.17 1 1
xteve/src/m3u.go:341.17,343.4 1 0
xteve/src/m3u.go:344.3,344.32 1 1
xteve/src/m3u.go:347.2,353.34 6 1
xteve/src/m3u.go:353.34,354.17 1 1
xteve/src/m3u.go:354.17,356.4 1 0
xteve/src/m3u.go:358.3,362.22 3 1
xteve/src/m3u.go:362.22,364.4 1 1
xteve/src/m3u.go:367.3,386.23 19 1
xteve/src/m3u.go:386.23,389.4 2 1
xteve/src/m3u.go:392.2,392.12 1 1
xteve/src/m3u8.go:13.48,26.43 10 1
xteve/src/m3u8.go:26.43,29.30 2 0
xteve/src/m3u8.go:29.30,30.44 1 0
xteve/src/m3u8.go:30.44,33.19 3 0
xteve/src/m3u8.go:33.19,35.6 1 0
xteve/src/m3u8.go:38.3,38.11 1 0
xteve/src/m3u8.go:41.2,41.71 1 1
xteve/src/m3u8.go:41.71,46.40 3 1
xteve/src/m3u8.go:46.40,47.41 1 1
xteve/src/m3u8.go:47.41,50.22 2 1
xteve/src/m3u8.go:51.28,51.28 0 1
xteve/src/m3u8.go:53.34,54.34 1 0
xteve/src/m3u8.go:55.35,57.20 2 0
xteve/src/m3u8.go:57.20,60.7 2 0
xteve/src/m3u8.go:61.31,62.55 1 0
xteve/src/m3u8.go:63.21,65.20 2 1
xteve/src/m3u8.go:65.20,68.21 3 1
xteve/src/m3u8.go:68.21,70.8 1 1
xteve/src/m3u8.go:70.13,73.8 2 0
xteve/src/m3u8.go:78.3,78.9 1 1
xteve/src/m3u8.go:81.2,81.53 1 1
xteve/src/m3u8.go:81.53,84.17 2 1
xteve/src/m3u8.go:84.17,88.24 2 0
xteve/src/m3u8.go:88.24,91.5 1 0
xteve/src/m3u8.go:91.10,94.5 1 0
xteve/src/m3u8.go:95.9,99.4 2 1
xteve/src/m3u8.go:102.2,102.46 1 1
xteve/src/m3u8.go:102.46,105.31 2 1
xteve/src/m3u8.go:105.31,107.4 1 1
xteve/src/m3u8.go:110.3,110.30 1 1
xteve/src/m3u8.go:110.30,113.21 2 1
xteve/src/m3u8.go:113.21,114.25 1 1
xteve/src/m3u8.go:114.25,116.20 2 1
xteve/src/m3u8.go:116.20,118.7 1 0
xteve/src/m3u8.go:119.6,119.44 1 1
xteve/src/m3u8.go:123.5,123.77 1 1
xteve/src/m3u8.go:123.77,136.6 8 0
xteve/src/m3u8.go:139.5,139.49 1 1
xteve/src/m3u8.go:139.49,142.30 2 1
xteve/src/m3u8.go:142.30,146.7 3 1
xteve/src/m3u8.go:150.8,153.3 2 0
xteve/src/m3u8.go:155.2,155.27 1 1
xteve/src/m3u8.go:155.27,157.30 2 1
xteve/src/m3u8.go:157.30,160.4 2 1
xteve/src/m3u8.go:162.3,164.21 2 0
xteve/src/m3u8.go:164.21,165.82 1 0
xteve/src/m3u8.go:165.82,167.5 1 0
xteve/src/m3u8.go:170.3,170.34 1 0
xteve/src/m3u8.go:170.34,173.22 2 0
xteve/src/m3u8.go:173.22,178.55 3 0
xteve/src/m3u8.go:178.55,179.11 1 0
xteve/src/m3u8.go:181.10,182.47 1 0
xteve/src/m3u8.go:182.47,185.11 3 0
xteve/src/m3u8.go:191.2,191.19 1 0
xteve/src/m3u8.go:191.19,192.30 1 0
xteve/src/m3u8.go:192.30,194.18 2 0
xteve/src/m3u8.go:194.18,196.5 1 0
xteve/src/m3u8.go:197.9,199.4 1 0
xteve/src/m3u8.go:202.2,202.18 1 0
xteve/src/m3u8.go:202.18,205.45 2 0
xteve/src/m3u8.go:205.45,209.69 3 0
xteve/src/m3u8.go:209.69,210.10 1 0
xteve/src/m3u8.go:214.2,214.8 1 0
xteve/src/maintenance.go:11.36,16.2 3 0
xteve/src/maintenance.go:18.20,19.6 1 0
xteve/src/maintenance.go:19.6,23.33 2 0
xteve/src/maintenance.go:23.33,24.45 1 0
xteve/src/maintenance.go:24.45,25.37 1 0
xteve/src/maintenance.go:25.37,30.20 3 0
xteve/src/maintenance.go:30.20,32.7 1 0
xteve/src/maintenance.go:35.6,35.77 1 0
xteve/src/maintenance.go:35.77,37.7 1 0
xteve/src/maintenance.go:38.6,38.78 1 0
xteve/src/maintenance.go:38.78,40.7 1 0
xteve/src/maintenance.go:42.6,42.38 1 0
xteve/src/maintenance.go:42.38,43.80 1 0
xteve/src/maintenance.go:43.80,45.8 1 0
xteve/src/maintenance.go:49.6,50.20 2 0
xteve/src/maintenance.go:50.20,52.7 1 0
xteve/src/maintenance.go:54.6,54.69 1 0
xteve/src/maintenance.go:54.69,55.73 1 0
xteve/src/maintenance.go:55.73,57.8 1 0
xteve/src/maintenance.go:61.6,62.45 2 0
xteve/src/maintenance.go:62.45,64.7 1 0
xteve/src/maintenance.go:68.3,68.31 1 0
xteve/src/maintenance.go:72.35,74.2 1 0
xteve/src/provider.go:16.80,22.98 4 0
xteve/src/provider.go:22.98,25.52 2 0
xteve/src/provider.go:25.52,27.4 1 0
xteve/src/provider.go:27.9,30.4 2 0
xteve/src/provider.go:33.3,35.28 2 0
xteve/src/provider.go:35.28,36.31 1 0
xteve/src/provider.go:36.31,37.16 1 0
xteve/src/provider.go:38.17,39.32 1 0
xteve/src/provider.go:40.24,41.20 1 0
xteve/src/provider.go:42.17,43.26 1 0
xteve/src/provider.go:44.35,45.36 1 0
xteve/src/provider.go:46.24,47.28 1 0
xteve/src/provider.go:48.24,49.58 1 0
xteve/src/provider.go:50.18,51.49 1 0
xteve/src/provider.go:51.49,52.44 1 0
xteve/src/provider.go:52.44,54.8 1 0
xteve/src/provider.go:56.26,57.38 1 0
xteve/src/provider.go:58.29,59.21 1 0
xteve/src/provider.go:60.26,61.21 1 0
xteve/src/provider.go:62.34,63.21 1 0
xteve/src/provider.go:68.3,68.40 1 0
xteve/src/provider.go:68.40,70.4 1 0
xteve/src/provider.go:73.3,74.17 2 0
xteve/src/provider.go:74.17,77.4 2 0
xteve/src/provider.go:80.3,81.19 2 0
xteve/src/provider.go:82.14,83.43 1 0
xteve/src/provider.go:84.15,85.42 1 0
xteve/src/provider.go:86.16,87.41 1 0
xteve/src/provider.go:90.3,90.17 1 0
xteve/src/provider.go:90.17,92.4 1 0
xteve/src/provider.go:94.3,95.57 2 0
xteve/src/provider.go:95.57,97.4 1 0
xteve/src/provider.go:97.9,99.4 1 0
xteve/src/provider.go:101.3,103.17 2 0
xteve/src/provider.go:103.17,105.55 2 0
xteve/src/provider.go:105.55,107.5 1 0
xteve/src/provider.go:109.3,109.9 1 0
xteve/src/provider.go:112.2,112.18 1 0
xteve/src/provider.go:113.13,115.25 2 0
xteve/src/provider.go:116.14,118.26 2 0
xteve/src/provider.go:119.15,121.25 2 0
xteve/src/provider.go:124.2,124.33 1 0
xteve/src/provider.go:124.33,126.10 2 0
xteve/src/provider.go:126.10,127.12 1 0
xteve/src/provider.go:129.3,130.16 2 0
xteve/src/provider.go:130.16,131.12 1 0
xteve/src/provider.go:133.3,135.31 2 0
xteve/src/provider.go:135.31,138.4 2 0
xteve/src/provider.go:141.3,141.38 1 0
xteve/src/provider.go:141.38,142.24 1 0
xteve/src/provider.go:142.24,143.14 1 0
xteve/src/provider.go:147.3,147.19 1 0
xteve/src/provider.go:148.15,152.69 3 0
xteve/src/provider.go:153.11,154.91 1 0
xteve/src/provider.go:154.91,158.5 2 0
xteve/src/provider.go:158.10,163.19 3 0
xteve/src/provider.go:163.19,166.6 2 0
xteve/src/provider.go:170.3,170.17 1 0
xteve/src/provider.go:170.17,172.18 2 0
xteve/src/provider.go:172.18,174.5 1 0
xteve/src/provider.go:177.3,177.17 1 0
xteve/src/provider.go:177.17,181.20 3 0
xteve/src/provider.go:181.20,186.19 3 0
xteve/src/provider.go:186.19,187.26 1 0
xteve/src/provider.go:187.26,189.7 1 0
xteve/src/provider.go:190.6,190.23 1 0
xteve/src/provider.go:194.5,194.58 1 0
xteve/src/provider.go:194.58,196.55 1 0
xteve/src/provider.go:196.55,198.7 1 0
xteve/src/provider.go:199.6,199.58 1 0
xteve/src/provider.go:199.58,201.7 1 0
xteve/src/provider.go:204.10,206.5 1 0
xteve/src/provider.go:210.3,210.19 1 0
xteve/src/provider.go:210.19,211.57 1 0
xteve/src/provider.go:211.57,214.30 3 0
xteve/src/provider.go:214.30,215.27 1 0
xteve/src/provider.go:215.27,217.7 1 0
xteve/src/provider.go:217.12,219.7 1 0
xteve/src/provider.go:224.3,224.19 1 0
xteve/src/provider.go:225.14,226.32 1 0
xteve/src/provider.go:227.15,228.33 1 0
xteve/src/provider.go:229.16,231.69 2 0
xteve/src/provider.go:233.3,233.48 1 0
xteve/src/provider.go:233.48,235.4 1 0
xteve/src/provider.go:238.2,238.8 1 0
xteve/src/provider.go:241.112,243.16 2 0
xteve/src/provider.go:243.16,245.3 1 0
xteve/src/provider.go:247.2,248.16 2 0
xteve/src/provider.go:248.16,250.3 1 0
xteve/src/provider.go:252.2,256.16 4 0
xteve/src/provider.go:256.16,258.3 1 0
xteve/src/provider.go:259.2,261.38 2 0
xteve/src/provider.go:261.38,264.3 2 0
xteve/src/provider.go:267.2,269.16 2 0
xteve/src/provider.go:269.16,277.3 6 0
xteve/src/provider.go:277.8,280.3 2 0
xteve/src/provider.go:282.2,283.16 2 0
xteve/src/provider.go:283.16,285.3 1 0
xteve/src/provider.go:286.2,286.8 1 0
xteve/src/screen.go:11.27,12.22 1 1
xteve/src/screen.go:12.22,14.3 1 0
xteve/src/screen.go:16.2,21.19 5 1
xteve/src/screen.go:21.19,22.33 1 1
xteve/src/screen.go:22.33,24.4 1 1
xteve/src/screen.go:26.3,37.15 8 1
xteve/src/screen.go:41.39,42.31 1 1
xteve/src/screen.go:42.31,44.3 1 1
xteve/src/screen.go:46.2,51.19 5 0
xteve/src/screen.go:51.19,52.33 1 0
xteve/src/screen.go:52.33,54.4 1 0
xteve/src/screen.go:55.3,65.15 8 0
xteve/src/screen.go:69.32,78.19 7 0
xteve/src/screen.go:78.19,79.33 1 0
xteve/src/screen.go:79.33,81.4 1 0
xteve/src/screen.go:83.3,87.40 3 0
xteve/src/screen.go:90.2,93.54 3 0
xteve/src/screen.go:93.54,95.3 1 0
xteve/src/screen.go:98.31,108.2 7 1
xteve/src/screen.go:111.40,121.2 7 1
xteve/src/screen.go:123.54,126.17 2 1
xteve/src/screen.go:127.14,128.20 1 1
xteve/src/screen.go:129.15,130.21 1 0
xteve/src/screen.go:131.19,132.21 1 0
xteve/src/screen.go:133.17,134.21 1 1
xteve/src/screen.go:135.15,136.21 1 1
xteve/src/screen.go:139.2,139.22 1 1
xteve/src/screen.go:140.17,141.22 1 0
xteve/src/screen.go:142.10,145.23 3 1
xteve/src/screen.go:149.19,156.31 5 1
xteve/src/screen.go:156.31,158.62 2 1
xteve/src/screen.go:158.62,160.4 1 0
xteve/src/screen.go:161.3,161.13 1 1
xteve/src/screen.go:164.2,164.27 1 1
xteve/src/screen.go:164.27,165.39 1 1
xteve/src/screen.go:165.39,167.4 1 0
xteve/src/screen.go:169.3,169.37 1 1
xteve/src/screen.go:169.37,171.4 1 1
xteve/src/screen.go:173.2,173.25 1 1
xteve/src/ssdp.go:17.25,18.40 1 0
xteve/src/ssdp.go:18.40,20.3 1 0
xteve/src/ssdp.go:22.2,37.16 7 0
xteve/src/ssdp.go:37.16,42.3 4 0
xteve/src/ssdp.go:43.2,46.28 2 0
xteve/src/ssdp.go:46.28,48.3 1 0
xteve/src/ssdp.go:50.2,50.32 1 0
xteve/src/ssdp.go:50.32,53.7 2 0
xteve/src/ssdp.go:53.7,54.11 1 0
xteve/src/ssdp.go:55.23,58.19 3 0
xteve/src/ssdp.go:58.19,64.44 5 0
xteve/src/ssdp.go:64.44,68.7 3 0
xteve/src/ssdp.go:69.6,72.50 3 0
xteve/src/ssdp.go:72.50,76.7 3 0
xteve/src/ssdp.go:77.6,80.16 3 0
xteve/src/ssdp.go:82.5,82.20 1 0
xteve/src/ssdp.go:83.16,85.43 2 0
xteve/src/ssdp.go:85.43,89.6 3 0
xteve/src/ssdp.go:90.5,93.49 3 0
xteve/src/ssdp.go:93.49,97.6 3 0
xteve/src/ssdp.go:98.5,100.15 3 0
xteve/src/ssdp.go:104.2,104.8 1 0
xteve/src/system.go:14.20,15.16 1 0
xteve/src/system.go:15.16,23.3 7 0
xteve/src/system.go:27.40,30.30 2 0
xteve/src/system.go:30.30,32.10 2 0
xteve/src/system.go:32.10,33.12 1 0
xteve/src/system.go:35.3,36.17 2 0
xteve/src/system.go:36.17,38.4 1 0
xteve/src/system.go:40.2,40.8 1 0
xteve/src/system.go:44.38,46.35 2 0
xteve/src/system.go:46.35,50.17 3 0
xteve/src/system.go:50.17,53.18 2 0
xteve/src/system.go:53.18,55.5 1 0
xteve/src/system.go:56.4,57.23 2 0
xteve/src/system.go:60.3,60.15 1 0
xteve/src/system.go:61.30,62.41 1 0
xteve/src/system.go:63.19,64.30 1 0
xteve/src/system.go:65.24,66.35 1 0
xteve/src/system.go:67.20,68.31 1 0
xteve/src/system.go:69.20,70.31 1 0
xteve/src/system.go:73.2,73.8 1 0
xteve/src/system.go:77.58,79.16 2 1
xteve/src/system.go:79.16,81.3 1 0
xteve/src/system.go:84.2,128.16 43 1
xteve/src/system.go:128.16,130.3 1 0
xteve/src/system.go:131.2,140.35 8 1
xteve/src/system.go:140.35,141.37 1 1
xteve/src/system.go:141.37,143.4 1 1
xteve/src/system.go:146.2,147.16 2 1
xteve/src/system.go:147.16,149.3 1 0
xteve/src/system.go:152.2,152.31 1 1
xteve/src/system.go:152.31,154.3 1 0
xteve/src/system.go:157.2,157.70 1 1
xteve/src/system.go:157.70,158.61 1 1
xteve/src/system.go:158.61,160.4 1 1
xteve/src/system.go:164.2,169.8 4 1
xteve/src/system.go:173.56,174.30 1 1
xteve/src/system.go:174.30,176.3 1 0
xteve/src/system.go:178.2,178.35 1 1
xteve/src/system.go:178.35,180.3 1 0
xteve/src/system.go:182.2,182.32 1 1
xteve/src/system.go:182.32,184.3 1 0
xteve/src/system.go:186.2,186.16 1 1
xteve/src/system.go:186.16,188.3 1 0
[...]
xteve/src/webserver.go:874.27,876.6 1 0
xteve/src/webserver.go:879.5,879.25 1 0
xteve/src/webserver.go:879.25,881.20 2 0
xteve/src/webserver.go:881.20,884.7 2 0
xteve/src/webserver.go:886.6,888.12 3 0
xteve/src/webserver.go:892.5,892.47 1 0
xteve/src/webserver.go:892.47,894.20 2 0
xteve/src/webserver.go:894.20,897.12 3 0
xteve/src/webserver.go:899.6,900.62 2 0
xteve/src/webserver.go:901.11,904.6 2 0
xteve/src/webserver.go:905.5,905.11 1 0
xteve/src/webserver.go:906.15,910.19 3 0
xteve/src/webserver.go:910.19,912.11 2 0
xteve/src/webserver.go:915.5,916.19 2 0
xteve/src/webserver.go:916.19,918.11 2 0
xteve/src/webserver.go:922.4,923.18 2 0
xteve/src/webserver.go:923.18,927.5 3 0
xteve/src/webserver.go:929.4,929.59 1 0
xteve/src/webserver.go:929.59,931.5 1 0
xteve/src/webserver.go:933.3,933.21 1 0
xteve/src/webserver.go:936.2,936.16 1 1
xteve/src/webserver.go:936.16,938.17 2 0
xteve/src/webserver.go:938.17,941.4 2 0
xteve/src/webserver.go:942.8,944.17 2 1
xteve/src/webserver.go:944.17,947.4 2 0
xteve/src/webserver.go:950.2,953.75 3 1
xteve/src/webserver.go:953.75,957.3 3 1
xteve/src/webserver.go:959.2,960.59 2 1
xteve/src/webserver.go:960.59,962.3 1 0
xteve/src/webserver.go:966.50,968.16 2 1
xteve/src/webserver.go:968.16,974.3 4 0
xteve/src/webserver.go:976.2,977.15 2 1
xteve/src/webserver.go:977.15,982.3 3 0
xteve/src/webserver.go:984.2,984.22 1 1
xteve/src/webserver.go:984.22,988.3 3 0
xteve/src/webserver.go:1044.2,1048.41 4 1
xteve/src/webserver.go:1048.41,1053.75 4 0
xteve/src/webserver.go:1053.75,1055.4 1 0
xteve/src/webserver.go:1058.2,1060.23 2 1
xteve/src/webserver.go:1060.23,1063.3 2 0
xteve/src/webserver.go:1065.2,1067.16 3 1
xteve/src/webserver.go:1067.16,1070.3 2 0
xteve/src/webserver.go:1072.2,1073.16 2 1
xteve/src/webserver.go:1073.16,1076.3 2 0
xteve/src/webserver.go:1078.2,1080.32 2 1
xteve/src/webserver.go:1080.32,1082.29 2 0
xteve/src/webserver.go:1083.10,1084.30 1 0
xteve/src/webserver.go:1084.30,1085.45 1 0
xteve/src/webserver.go:1085.45,1088.6 2 0
xteve/src/webserver.go:1089.5,1090.19 2 0
xteve/src/webserver.go:1090.19,1093.6 2 0
xteve/src/webserver.go:1094.10,1096.19 2 0
xteve/src/webserver.go:1096.19,1099.6 2 0
xteve/src/webserver.go:1101.11,1104.18 3 0
xteve/src/webserver.go:1104.18,1107.5 2 0
xteve/src/webserver.go:1109.3,1110.17 2 0
xteve/src/webserver.go:1110.17,1113.4 2 0
xteve/src/webserver.go:1114.3,1114.25 1 0
xteve/src/webserver.go:1117.2,1117.21 1 1
xteve/src/webserver.go:1118.15,1118.15 0 0
xteve/src/webserver.go:1119.16,1135.47 15 1
xteve/src/webserver.go:1135.47,1136.41 1 1
xteve/src/webserver.go:1136.41,1139.5 2 1
xteve/src/webserver.go:1140.4,1140.15 1 1
xteve/src/webserver.go:1142.3,1143.74 2 1
xteve/src/webserver.go:1144.20,1146.17 2 0
xteve/src/webserver.go:1146.17,1147.9 1 0
xteve/src/webserver.go:1149.3,1150.17 2 0
xteve/src/webserver.go:1150.17,1151.9 1 0
xteve/src/webserver.go:1153.21,1155.17 2 0
xteve/src/webserver.go:1155.17,1156.9 1 0
xteve/src/webserver.go:1158.3,1159.17 2 0
xteve/src/webserver.go:1159.17,1160.9 1 0
xteve/src/webserver.go:1162.22,1164.17 2 0
xteve/src/webserver.go:1164.17,1165.9 1 0
xteve/src/webserver.go:1167.21,1168.25 1 0
xteve/src/webserver.go:1169.10,1170.36 1 0
xteve/src/webserver.go:1173.2,1173.16 1 1
xteve/src/webserver.go:1173.16,1176.3 2 0
xteve/src/webserver.go:1178.2,1178.74 1 1
xteve/src/webserver.go:1178.74,1180.3 1 0
xteve/src/webserver.go:1184.55,1190.16 5 0
xteve/src/webserver.go:1190.16,1193.3 2 0
xteve/src/webserver.go:1195.2,1195.97 1 0
xteve/src/webserver.go:1195.97,1198.3 1 0
xteve/src/webserver.go:1199.2,1199.62 1 0
xteve/src/webserver.go:1199.62,1201.3 1 0
xteve/src/webserver.go:1204.61,1224.10 18 0
xteve/src/webserver.go:1224.10,1227.35 2 0
xteve/src/webserver.go:1227.35,1230.36 3 0
xteve/src/webserver.go:1230.36,1233.5 2 0
xteve/src/webserver.go:1233.10,1236.5 2 0
xteve/src/webserver.go:1237.4,1237.18 1 0
xteve/src/webserver.go:1239.3,1243.67 5 0
xteve/src/webserver.go:1250.51,1251.71 1 1
xteve/src/webserver.go:1251.71,1252.38 1 1
xteve/src/webserver.go:1252.38,1253.67 1 1
xteve/src/webserver.go:1253.67,1255.5 1 1
xteve/src/webserver.go:1256.4,1256.91 1 1
xteve/src/webserver.go:1258.3,1258.23 1 1
xteve/src/webserver.go:1262.64,1263.71 1 1
xteve/src/webserver.go:1263.71,1269.23 5 1
xteve/src/webserver.go:1269.23,1271.4 1 0
xteve/src/webserver.go:1273.3,1273.23 1 1
xteve/src/webserver.go:1277.54,1278.71 1 1
xteve/src/webserver.go:1278.71,1279.16 1 1
xteve/src/webserver.go:1279.16,1280.36 1 1
xteve/src/webserver.go:1280.36,1284.28 3 0
xteve/src/webserver.go:1285.17,1286.30 1 0
xteve/src/webserver.go:1287.16,1288.18 1 0
xteve/src/webserver.go:1289.13,1290.43 1 0
xteve/src/webserver.go:1293.5,1296.15 3 0
xteve/src/webserver.go:1299.3,1299.23 1 1
xteve/src/webserver.go:1303.36,1306.91 2 1
xteve/src/webserver.go:1306.91,1308.3 1 1
xteve/src/webserver.go:1310.2,1325.44 11 1
xteve/src/webserver.go:1325.44,1326.18 1 0
xteve/src/webserver.go:1326.18,1331.5 4 0
xteve/src/webserver.go:1334.2,1339.16 5 1
xteve/src/webserver.go:1342.82,1344.2 1 0
xteve/src/webserver.go:1346.59,1347.42 1 1
xteve/src/webserver.go:1347.42,1349.3 1 1
xteve/src/webserver.go:1349.8,1349.48 1 1
xteve/src/webserver.go:1349.48,1351.3 1 0
xteve/src/webserver.go:1351.8,1351.47 1 1
xteve/src/webserver.go:1351.47,1353.3 1 1
xteve/src/webserver.go:1353.8,1353.48 1 1
xteve/src/webserver.go:1353.48,1355.3 1 0
xteve/src/webserver.go:1355.8,1355.48 1 1
xteve/src/webserver.go:1355.48,1357.3 1 0
xteve/src/webserver.go:1357.8,1357.48 1 1
xteve/src/webserver.go:1357.48,1359.3 1 0
xteve/src/webserver.go:1359.8,1359.48 1 1
xteve/src/webserver.go:1359.48,1361.3 1 1
xteve/src/webserver.go:1361.8,1361.48 1 0
xteve/src/webserver.go:1361.48,1363.3 1 0
xteve/src/webserver.go:1363.8,1363.49 1 0
xteve/src/webserver.go:1363.49,1365.3 1 0
xteve/src/webserver.go:1365.8,1365.48 1 0
xteve/src/webserver.go:1365.48,1367.3 1 0
xteve/src/webserver.go:1367.8,1367.48 1 0
xteve/src/webserver.go:1367.48,1369.3 1 0
xteve/src/webserver.go:1369.8,1369.48 1 0
xteve/src/webserver.go:1369.48,1371.3 1 0
xteve/src/webserver.go:1371.8,1371.48 1 0
xteve/src/webserver.go:1371.48,1373.3 1 0
xteve/src/webserver.go:1373.8,1373.49 1 0
xteve/src/webserver.go:1373.49,1375.3 1 0
xteve/src/webserver.go:1375.8,1377.3 1 0
xteve/src/webserver.go:1378.2,1378.8 1 1
xteve/src/xepg.go:32.64,37.16 4 0
xteve/src/xepg.go:37.16,39.3 1 0
xteve/src/xepg.go:41.2,45.8 4 0
xteve/src/xepg.go:49.39,50.32 1 0
xteve/src/xepg.go:50.32,52.3 1 0
xteve/src/xepg.go:53.2,57.16 4 0
xteve/src/xepg.go:57.16,61.3 1 0
xteve/src/xepg.go:63.2,63.34 1 0
xteve/src/xepg.go:63.34,64.17 1 0
xteve/src/xepg.go:64.17,65.14 1 0
xteve/src/xepg.go:65.14,68.52 2 0
xteve/src/xepg.go:68.52,70.6 1 0
xteve/src/xepg.go:71.5,71.43 1 0
xteve/src/xepg.go:71.43,73.6 1 0
xteve/src/xepg.go:74.5,75.51 2 0
xteve/src/xepg.go:75.51,77.6 1 0
xteve/src/xepg.go:78.5,78.49 1 0
xteve/src/xepg.go:78.49,80.6 1 0
xteve/src/xepg.go:82.5,84.67 2 0
xteve/src/xepg.go:84.67,85.16 1 0
xteve/src/xepg.go:85.16,91.47 6 0
xteve/src/xepg.go:91.47,93.8 1 0
xteve/src/xepg.go:94.7,94.45 1 0
xteve/src/xepg.go:94.45,96.8 1 0
xteve/src/xepg.go:97.7,97.40 1 0
xteve/src/xepg.go:100.5,101.33 2 0
xteve/src/xepg.go:101.33,103.6 1 0
xteve/src/xepg.go:105.4,105.14 1 0
xteve/src/xepg.go:106.9,108.46 2 0
xteve/src/xepg.go:108.46,112.5 3 0
xteve/src/xepg.go:113.4,113.35 1 0
xteve/src/xepg.go:113.35,117.5 3 0
xteve/src/xepg.go:118.4,121.44 2 0
xteve/src/xepg.go:121.44,124.5 1 0
xteve/src/xepg.go:125.4,125.42 1 0
xteve/src/xepg.go:125.42,129.5 3 0
xteve/src/xepg.go:131.4,131.66 1 0
xteve/src/xepg.go:131.66,133.15 1 0
xteve/src/xepg.go:133.15,140.52 6 0
xteve/src/xepg.go:140.52,142.7 1 0
xteve/src/xepg.go:143.6,143.50 1 0
xteve/src/xepg.go:143.50,145.7 1 0
xteve/src/xepg.go:146.6,146.39 1 0
xteve/src/xepg.go:150.4,152.32 3 0
xteve/src/xepg.go:152.32,154.5 1 0
xteve/src/xepg.go:155.4,155.14 1 0
xteve/src/xepg.go:157.8,161.40 1 0
xteve/src/xepg.go:161.40,163.4 1 0
xteve/src/xepg.go:164.3,165.13 2 0
xteve/src/xepg.go:170.26,176.31 4 1
xteve/src/xepg.go:176.31,177.51 1 1
xteve/src/xepg.go:177.51,185.18 6 1
xteve/src/xepg.go:185.18,190.5 4 1
xteve/src/xepg.go:193.4,193.18 1 1
xteve/src/xepg.go:193.18,197.37 2 1
xteve/src/xepg.go:197.37,203.6 5 1
xteve/src/xepg.go:204.5,205.61 2 1
xteve/src/xepg.go:208.3,208.30 1 1
xteve/src/xepg.go:209.8,210.34 1 0
xteve/src/xepg.go:210.34,212.4 1 0
xteve/src/xepg.go:216.2,219.26 3 1
xteve/src/xepg.go:219.26,224.48 5 1
xteve/src/xepg.go:224.48,226.4 1 1
xteve/src/xepg.go:228.2,228.43 1 1
xteve/src/xepg.go:232.39,239.16 5 0
xteve/src/xepg.go:239.16,242.3 2 0
xteve/src/xepg.go:244.2,247.50 2 0
xteve/src/xepg.go:247.50,248.39 1 0
xteve/src/xepg.go:248.39,250.4 1 0
xteve/src/xepg.go:252.3,252.84 1 0
xteve/src/xepg.go:252.84,254.4 1 0
xteve/src/xepg.go:258.2,268.45 5 0
xteve/src/xepg.go:268.45,272.40 2 0
xteve/src/xepg.go:272.40,274.18 2 0
xteve/src/xepg.go:274.18,276.5 1 0
xteve/src/xepg.go:279.3,279.47 1 0
xteve/src/xepg.go:279.47,281.18 2 0
xteve/src/xepg.go:281.18,283.5 1 0
xteve/src/xepg.go:285.3,291.48 4 0
xteve/src/xepg.go:291.48,293.4 1 0
xteve/src/xepg.go:294.3,296.49 2 0
xteve/src/xepg.go:296.49,297.49 1 0
xteve/src/xepg.go:297.49,299.5 1 0
xteve/src/xepg.go:300.4,300.60 1 0
xteve/src/xepg.go:300.60,302.5 1 0
xteve/src/xepg.go:303.4,303.61 1 0
xteve/src/xepg.go:306.3,306.40 1 0
xteve/src/xepg.go:306.40,308.4 1 0
xteve/src/xepg.go:311.2,311.42 1 0
xteve/src/xepg.go:311.42,319.51 5 0
xteve/src/xepg.go:319.51,321.4 1 0
xteve/src/xepg.go:321.9,324.18 2 0
xteve/src/xepg.go:324.18,326.5 1 0
xteve/src/xepg.go:329.3,333.59 3 0
xteve/src/xepg.go:333.59,336.37 3 0
xteve/src/xepg.go:336.37,338.5 1 0
xteve/src/xepg.go:339.9,344.68 2 0
xteve/src/xepg.go:344.68,345.61 1 0
xteve/src/xepg.go:345.61,346.50 1 0
xteve/src/xepg.go:346.50,347.54 1 0
xteve/src/xepg.go:347.54,349.8 1 0
xteve/src/xepg.go:355.4,355.20 1 0
xteve/src/xepg.go:355.20,356.61 1 0
xteve/src/xepg.go:356.61,357.48 1 0
xteve/src/xepg.go:357.48,359.7 1 0
xteve/src/xepg.go:364.4,364.20 1 0
xteve/src/xepg.go:364.20,365.70 1 0
xteve/src/xepg.go:365.70,366.37 1 0
xteve/src/xepg.go:366.37,368.38 1 0
xteve/src/xepg.go:368.38,369.16 1 0
xteve/src/xepg.go:372.7,372.39 1 0
xteve/src/xepg.go:372.39,373.16 1 0
xteve/src/xepg.go:376.7,376.62 1 0
xteve/src/xepg.go:376.62,377.16 1 0
xteve/src/xepg.go:380.7,380.40 1 0
xteve/src/xepg.go:380.40,381.64 1 0
xteve/src/xepg.go:381.64,383.17 1 0
xteve/src/xepg.go:388.7,396.12 7 0
xteve/src/xepg.go:401.4,401.20 1 0
xteve/src/xepg.go:401.20,403.23 1 0
xteve/src/xepg.go:403.23,407.67 3 0
xteve/src/xepg.go:407.67,408.89 1 0
xteve/src/xepg.go:408.89,410.8 1 0
xteve/src/xepg.go:416.3,416.20 1 0
xteve/src/xepg.go:416.20,419.18 2 0
xteve/src/xepg.go:419.18,421.5 1 0
xteve/src/xepg.go:422.9,425.4 1 0
xteve/src/xepg.go:427.2,429.16 3 0
xteve/src/xepg.go:429.16,431.3 1 0
xteve/src/xepg.go:432.2,432.8 1 0
xteve/src/xepg.go:436.42,438.6 2 1
xteve/src/xepg.go:438.6,440.47 2 1
xteve/src/xepg.go:440.47,442.4 1 1
xteve/src/xepg.go:443.3,443.12 1 1
xteve/src/xepg.go:448.105,452.58 3 1
xteve/src/xepg.go:452.58,454.33 2 1
xteve/src/xepg.go:454.33,456.4 1 1
xteve/src/xepg.go:459.2,459.6 1 1
xteve/src/xepg.go:459.6,460.60 1 1
xteve/src/xepg.go:460.60,464.4 3 1
xteve/src/xepg.go:465.3,465.20 1 1
xteve/src/xepg.go:470.101,473.2 2 1
xteve/src/xepg.go:476.121,486.20 4 1
xteve/src/xepg.go:486.20,487.37 1 1
xteve/src/xepg.go:487.37,489.4 1 1
xteve/src/xepg.go:493.2,495.37 2 1
xteve/src/xepg.go:495.37,497.3 1 1
xteve/src/xepg.go:500.2,500.36 1 1
xteve/src/xepg.go:500.36,502.3 1 1
xteve/src/xepg.go:504.2,505.8 2 1
xteve/src/xepg.go:509.91,511.30 2 1
xteve/src/xepg.go:511.30,512.43 1 1
xteve/src/xepg.go:512.43,514.4 1 1
xteve/src/xepg.go:514.9,516.4 1 1
xteve/src/xepg.go:518.2,528.31 11 1
xteve/src/xepg.go:528.31,530.3 1 1
xteve/src/xepg.go:530.8,532.3 1 1
xteve/src/xepg.go:533.2,537.33 4 1
xteve/src/xepg.go:537.33,540.3 2 1
xteve/src/xepg.go:542.2,549.39 7 1
xteve/src/xepg.go:553.28,556.54 2 0
xteve/src/xepg.go:556.54,559.101 2 0
xteve/src/xepg.go:559.101,561.4 1 0
xteve/src/xepg.go:563.3,565.43 2 0
xteve/src/xepg.go:568.2,569.16 2 0
xteve/src/xepg.go:569.16,571.3 1 0
xteve/src/xepg.go:572.2,572.8 1 0
xteve/src/xepg.go:577.104,581.71 2 1
xteve/src/xepg.go:581.71,584.40 2 1
xteve/src/xepg.go:584.40,588.4 3 1
xteve/src/xepg.go:588.9,592.4 2 1
xteve/src/xepg.go:595.3,596.55 2 1
xteve/src/xepg.go:596.55,597.20 1 1
xteve/src/xepg.go:597.20,598.10 1 1
xteve/src/xepg.go:600.4,601.11 2 1
xteve/src/xepg.go:601.11,602.13 1 0
xteve/src/xepg.go:605.4,605.42 1 1
xteve/src/xepg.go:605.42,607.12 2 1
xteve/src/xepg.go:607.12,609.14 1 0
xteve/src/xepg.go:611.5,611.56 1 1
xteve/src/xepg.go:611.56,615.54 4 1
xteve/src/xepg.go:615.54,616.24 1 1
xteve/src/xepg.go:616.24,618.8 1 1
xteve/src/xepg.go:620.6,620.25 1 1
xteve/src/xepg.go:623.10,623.28 1 1
xteve/src/xepg.go:623.28,625.43 1 1
xteve/src/xepg.go:625.43,626.22 1 1
xteve/src/xepg.go:626.22,627.12 1 0
xteve/src/xepg.go:629.6,630.13 2 1
xteve/src/xepg.go:630.13,631.15 1 0
xteve/src/xepg.go:633.6,634.13 2 1
xteve/src/xepg.go:634.13,635.15 1 0
xteve/src/xepg.go:637.6,638.13 2 1
xteve/src/xepg.go:638.13,640.24 2 1
xteve/src/xepg.go:640.24,642.48 2 1
xteve/src/xepg.go:642.48,644.9 1 1
xteve/src/xepg.go:645.13,646.16 1 0
xteve/src/xepg.go:650.6,650.50 1 1
xteve/src/xepg.go:650.50,652.54 2 1
xteve/src/xepg.go:652.54,654.8 1 1
xteve/src/xepg.go:654.13,654.61 1 0
xteve/src/xepg.go:654.61,655.50 1 0
xteve/src/xepg.go:655.50,657.9 1 0
xteve/src/xepg.go:657.14,658.17 1 0
xteve/src/xepg.go:660.13,661.16 1 0
xteve/src/xepg.go:664.7,667.59 3 1
xteve/src/xepg.go:667.59,668.52 1 1
xteve/src/xepg.go:668.52,672.57 4 1
xteve/src/xepg.go:672.57,673.27 1 1
xteve/src/xepg.go:673.27,675.11 1 1
xteve/src/xepg.go:677.9,678.14 2 1
xteve/src/xepg.go:687.2,687.33 1 1
xteve/src/xepg.go:692.85,693.26 1 1
xteve/src/xepg.go:693.26,695.3 1 1
xteve/src/xepg.go:697.2,700.27 3 1
xteve/src/xepg.go:700.27,702.18 2 1
xteve/src/xepg.go:702.18,707.4 4 1
xteve/src/xepg.go:707.9,709.22 2 1
xteve/src/xepg.go:709.22,713.5 3 1
xteve/src/xepg.go:713.10,715.53 1 1
xteve/src/xepg.go:715.53,716.57 1 1
xteve/src/xepg.go:716.57,718.7 1 1
xteve/src/xepg.go:727.2,727.95 1 1
xteve/src/xepg.go:727.95,730.3 2 1
xteve/src/xepg.go:731.2,731.20 1 1
xteve/src/xepg.go:735.90,739.45 3 1
xteve/src/xepg.go:739.45,741.3 1 1
xteve/src/xepg.go:741.8,744.3 1 1
xteve/src/xepg.go:745.2,746.17 2 1
xteve/src/xepg.go:751.79,753.16 2 1
xteve/src/xepg.go:753.16,755.3 1 1
xteve/src/xepg.go:756.2,756.35 1 1
xteve/src/xepg.go:760.36,769.16 6 0
xteve/src/xepg.go:769.16,770.30 1 0
xteve/src/xepg.go:770.30,771.61 1 0
xteve/src/xepg.go:771.61,773.5 1 0
xteve/src/xepg.go:777.2,777.65 1 0
xteve/src/xepg.go:777.65,780.3 2 0
xteve/src/xepg.go:782.2,789.49 5 0
xteve/src/xepg.go:789.49,790.26 1 0
xteve/src/xepg.go:790.26,797.22 4 0
xteve/src/xepg.go:797.22,799.5 1 0
xteve/src/xepg.go:799.10,802.5 1 0
xteve/src/xepg.go:806.2,809.16 4 0
xteve/src/xepg.go:809.16,811.3 1 0
xteve/src/xepg.go:813.2,817.8 4 0
xteve/src/xepg.go:821.79,828.51 5 1
xteve/src/xepg.go:828.51,831.3 2 1
xteve/src/xepg.go:831.8,833.17 2 1
xteve/src/xepg.go:833.17,835.4 1 1
xteve/src/xepg.go:838.3,842.14 4 1
xteve/src/xepg.go:842.14,846.52 2 1
xteve/src/xepg.go:846.52,848.37 2 1
xteve/src/xepg.go:848.37,850.6 1 1
xteve/src/xepg.go:851.5,851.46 1 1
xteve/src/xepg.go:853.4,854.30 2 1
xteve/src/xepg.go:857.3,857.44 1 1
xteve/src/xepg.go:857.44,859.4 1 1
xteve/src/xepg.go:864.2,868.23 3 1
xteve/src/xepg.go:868.23,870.3 1 1
xteve/src/xepg.go:873.2,875.40 2 1
xteve/src/xepg.go:875.40,885.25 5 1
xteve/src/xepg.go:885.25,889.4 3 1
xteve/src/xepg.go:889.9,891.4 1 0
xteve/src/xepg.go:893.3,893.24 1 1
xteve/src/xepg.go:893.24,897.4 3 1
xteve/src/xepg.go:897.9,899.4 1 0
xteve/src/xepg.go:902.3,952.53 18 1
xteve/src/xepg.go:954.2,954.8 1 1
xteve/src/xepg.go:958.75,970.16 10 1
xteve/src/xepg.go:970.16,973.3 2 0
xteve/src/xepg.go:975.2,975.19 1 1
xteve/src/xepg.go:975.19,978.56 2 1
xteve/src/xepg.go:978.56,988.42 8 1
xteve/src/xepg.go:988.42,990.5 1 0
xteve/src/xepg.go:990.10,992.5 1 1
xteve/src/xepg.go:994.4,994.41 1 1
xteve/src/xepg.go:994.41,997.5 2 0
xteve/src/xepg.go:999.4,999.40 1 1
xteve/src/xepg.go:999.40,1001.5 1 1
xteve/src/xepg.go:1002.4,1004.30 3 1
xteve/src/xepg.go:1007.2,1007.8 1 1
xteve/src/xepg.go:1011.77,1014.24 2 1
xteve/src/xepg.go:1014.24,1016.3 1 0
xteve/src/xepg.go:1018.2,1018.20 1 1
xteve/src/xepg.go:1018.20,1020.3 1 1
xteve/src/xepg.go:1022.2,1028.24 3 0
xteve/src/xepg.go:1028.24,1033.3 4 0
xteve/src/xepg.go:1037.57,1042.57 3 1
xteve/src/xepg.go:1042.57,1044.3 1 0
xteve/src/xepg.go:1045.2,1045.19 1 1
xteve/src/xepg.go:1045.19,1047.3 1 0
xteve/src/xepg.go:1049.2,1049.45 1 1
xteve/src/xepg.go:1049.45,1052.3 2 0
xteve/src/xepg.go:1054.2,1054.39 1 1
xteve/src/xepg.go:1054.39,1055.36 1 0
xteve/src/xepg.go:1055.36,1059.4 3 0
xteve/src/xepg.go:1064.79,1067.48 2 1
xteve/src/xepg.go:1067.48,1068.40 1 0
xteve/src/xepg.go:1068.40,1071.18 3 0
xteve/src/xepg.go:1071.18,1073.5 1 0
xteve/src/xepg.go:1073.10,1075.5 1 0
xteve/src/xepg.go:1081.81,1088.42 6 1
xteve/src/xepg.go:1088.42,1089.94 1 1
xteve/src/xepg.go:1089.94,1091.4 1 0
xteve/src/xepg.go:1092.3,1092.94 1 1
xteve/src/xepg.go:1092.94,1094.4 1 0
xteve/src/xepg.go:1096.2,1096.23 1 1
xteve/src/xepg.go:1100.59,1101.42 1 1
xteve/src/xepg.go:1101.42,1103.33 1 1
xteve/src/xepg.go:1103.33,1105.4 1 1
xteve/src/xepg.go:1107.3,1109.17 2 1
xteve/src/xepg.go:1109.17,1113.4 3 1
xteve/src/xepg.go:1116.3,1117.17 2 1
xteve/src/xepg.go:1117.17,1119.4 1 1
xteve/src/xepg.go:1120.3,1120.34 1 1
xteve/src/xepg.go:1121.8,1123.3 1 0
xteve/src/xepg.go:1124.2,1124.8 1 1
xteve/src/xepg.go:1128.28,1133.16 4 0
xteve/src/xepg.go:1133.16,1136.3 2 0
xteve/src/xepg.go:1137.2,1141.16 4 0
xteve/src/xepg.go:1141.16,1144.3 2 0
xteve/src/xepg.go:1145.2,1145.34 1 0
xteve/src/xepg.go:1145.34,1148.3 2 0
xteve/src/xepg.go:1150.2,1151.16 2 0
xteve/src/xepg.go:1151.16,1154.3 2 0
xteve/src/xepg.go:1155.2,1155.12 1 0
xteve/src/xepg.go:1159.20,1162.41 2 0
xteve/src/xepg.go:1162.41,1164.3 1 0
xteve/src/xepg.go:1166.2,1166.42 1 0
xteve/src/xepg.go:1166.42,1168.3 1 0
xteve/src/xepg.go:1170.2,1173.50 3 0
xteve/src/xepg.go:1173.50,1174.90 1 0
xteve/src/xepg.go:1174.90,1176.12 2 0
xteve/src/xepg.go:1178.3,1178.57 1 0
xteve/src/xepg.go:1178.57,1180.12 2 0
xteve/src/xepg.go:1182.3,1182.26 1 0
xteve/src/xepg.go:1182.26,1184.4 1 0
xteve/src/xepg.go:1187.2,1188.16 2 0
xteve/src/xepg.go:1188.16,1191.3 2 0
xteve/src/xepg.go:1193.2,1195.62 2 0
xteve/src/xepg.go:1195.62,1197.3 1 0
xteve/src/xepg.go:1201.24,1209.2 5 0
xteve/src/xepg.go:1213.86,1214.41 1 0
xteve/src/xepg.go:1214.41,1216.3 1 0
xteve/src/xepg.go:1217.2,1217.43 1 0
xteve/src/xepg.go:1217.43,1219.3 1 0
xteve/src/xepg.go:1220.2,1220.43 1 0
xteve/src/xepg.go:1220.43,1222.3 1 0
xteve/src/xepg.go:1223.2,1223.40 1 0
xteve/src/xepg.go:1223.40,1225.3 1 0
xteve/src/xepg.go:1226.2,1226.33 1 0
xteve/src/xepg.go:1226.33,1228.3 1 0
xteve/src/xepg.go:1229.2,1229.35 1 0
xteve/src/xepg.go:1229.35,1231.3 1 0
xteve/src/xepg.go:1232.2,1232.37 1 0
xteve/src/xepg.go:1232.37,1234.3 1 0
xteve/src/xepg.go:1235.2,1235.37 1 0
xteve/src/xepg.go:1235.37,1237.3 1 0
xteve/src/xepg.go:1238.2,1238.38 1 0
xteve/src/xepg.go:1238.38,1240.3 1 0
xteve/src/xepg.go:1241.2,1241.32 1 0
xteve/src/xepg.go:1241.32,1243.3 1 0
xteve/src/xepg.go:1244.2,1244.38 1 0
xteve/src/xepg.go:1244.38,1246.3 1 0
xteve/src/xepg.go:1247.2,1247.40 1 0
xteve/src/xepg.go:1247.40,1249.3 1 0
xteve/src/xepg.go:1250.2,1250.36 1 0
xteve/src/xepg.go:1250.36,1252.3 1 0
xteve/src/xepg.go:1253.2,1253.46 1 0
xteve/src/xepg.go:1253.46,1255.3 1 0
xteve/src/xepg.go:1256.2,1256.46 1 0
xteve/src/xepg.go:1256.46,1258.3 1 0
xteve/src/xepg_loader.go:11.87,14.16 3 0
xteve/src/xepg_loader.go:14.16,16.3 1 0
xteve/src/xepg_loader.go:17.2,20.16 3 0
xteve/src/xepg_loader.go:20.16,22.3 1 0
xteve/src/xepg_loader.go:24.2,24.22 1 0
xteve/src/xepg_loader.go:24.22,26.3 1 0
xteve/src/xepg_loader.go:28.2,28.16 1 0
xteve/src/xepg_loader.go:28.16,29.45 1 0
xteve/src/xepg_loader.go:29.45,32.4 2 0
xteve/src/xepg_loader.go:34.2,34.8 1 0
